#
# A fatal error has been detected by the Java Runtime Environment:
#
#  EXCEPTION_ACCESS_VIOLATION (0xc0000005) at pc=0x0000021aa257de8b, pid=9208, tid=8096
#
# JRE version: OpenJDK Runtime Environment (11.0.11+9) (build 11.0.11+9-b60-7590822)
# Java VM: OpenJDK 64-Bit Server VM (11.0.11+9-b60-7590822, mixed mode, tiered, compressed oops, g1 gc, windows-amd64)
# Problematic frame:
# j  org.jetbrains.kotlin.ir.declarations.lazy.IrLazyDeclarationBase$createLazyAnnotations$1.invoke()Ljava/util/List;+109
#
# No core dump will be written. Minidumps are not enabled by default on client versions of Windows
#
# If you would like to submit a bug report, please visit:
#   https://bugreport.java.com/bugreport/crash.jsp
#

---------------  S U M M A R Y ------------

Command Line: org.jetbrains.kotlin.cli.jvm.K2JVMCompiler @C:\Users\Usama\AndroidStudioProjects\NewsApp\app\build\20220421_5158043759063431740.compiler.options

Host: Intel(R) Core(TM) i5-2430M CPU @ 2.40GHz, 4 cores, 15G,  Windows 10 , 64 bit Build 19041 (10.0.19041.1645)
Time: Thu Apr 21 16:11:18 2022 Pakistan Standard Time elapsed time: 25.789092 seconds (0d 0h 0m 25s)

---------------  T H R E A D  ---------------

Current thread (0x0000021a9d258800):  JavaThread "main" [_thread_in_Java, id=8096, stack(0x0000006985400000,0x0000006985500000)]

Stack: [0x0000006985400000,0x0000006985500000],  sp=0x00000069854fd4a0,  free space=1013k
Native frames: (J=compiled Java code, j=interpreted, Vv=VM code, C=native code)
C  0x0000021aa257de8b


siginfo: EXCEPTION_ACCESS_VIOLATION (0xc0000005), reading address 0xffffffffffffffff


Register to memory mapping:

RIP=0x0000021aa257de8b is pointing into interpreter code (not bytecode specific)
RAX=0x0000021aa5198ed4 is at entry_point+15156 in (nmethod*)0x0000021aa5194910
RBX={method} {0x0000021ac551b948} 'getAllValueArguments' '()Ljava/util/Map;' in 'org/jetbrains/kotlin/load/java/components/JavaTargetAnnotationDescriptor'
RCX=0x0000021aa257de80 is pointing into interpreter code (not bytecode specific)
RDX=
[error occurred during error reporting (printing register info), id 0xc0000005, EXCEPTION_ACCESS_VIOLATION (0xc0000005) at pc=0x00007ffdc4c3d266]

Registers:
RAX=0x0000021aa5198ed4, RBX=0x0000021ac551b940, RCX=0x0000021aa257de80, RDX=0x000000070372ecf0
RSP=0x00000069854fd4a0, RBP=0x00000069854fd7b8, RSI=0x0000021ac7e7b2a8, RDI=0x0000021ac7e7b2a8
R8 =0x000000070372ecf0, R9 =0x000000000000052b, R10=0x0000021a9d0e1000, R11=0x0000000000000238
R12=0x0000000000000000, R13=0x00000069854fd4b0, R14=0x000000070fcfa9d0, R15=0x0000021a9d258800
RIP=0x0000021aa257de8b, EFLAGS=0x0000000000010203

Top of Stack: (sp=0x00000069854fd4a0)
0x00000069854fd4a0:   0000021aa5198ed4 000000070372ecf0
0x00000069854fd4b0:   0000006900000000 00007ffd00000001
0x00000069854fd4c0:   0000000000000000 0000021a9d258800
0x00000069854fd4d0:   0000021abdaaa430 0000021a9d258800
0x00000069854fd4e0:   00000007018b8c78 00007ffdc5122a0c
0x00000069854fd4f0:   00000069854fd540 0000021a9d258f00
0x00000069854fd500:   0000021a9d258800 00007ffdc4f99e95
0x00000069854fd510:   00000069854fd7b8 0000021aa3912fbc
0x00000069854fd520:   000000080000ed68 0000000000000001
0x00000069854fd530:   000000080000ed68 0000021a9d258801
0x00000069854fd540:   00007ffdc529d3d0 0000021abd957d60
0x00000069854fd550:   0000000000000014 00000007028304c8
0x00000069854fd560:   00000007032cda98 0000021abd957d60
0x00000069854fd570:   000000080000ed68 00007ffdc4cf2731
0x00000069854fd580:   0000000702446f98 0000021aaa54c8dc
0x00000069854fd590:   0000000800960a01 0000021aaa702201 

Instructions: (pc=0x0000021aa257de8b)
0x0000021aa257dd8b:   87 88 03 00 00 49 ba 00 00 00 00 00 00 00 00 4d
0x0000021aa257dd9b:   89 97 88 03 00 00 4c 8b 6d c0 4c 8b 75 c8 c3 e9
0x0000021aa257ddab:   a4 ed ff ff 4c 8b 6d c0 48 8b 65 b8 48 c7 45 f0
0x0000021aa257ddbb:   00 00 00 00 e8 05 00 00 00 e9 aa 00 00 00 48 8d
0x0000021aa257ddcb:   44 24 08 4c 89 6d c0 49 8b cf c5 f8 77 49 89 af
0x0000021aa257dddb:   38 03 00 00 49 89 87 28 03 00 00 48 83 ec 20 f7
0x0000021aa257ddeb:   c4 0f 00 00 00 0f 84 1a 00 00 00 48 83 ec 08 49
0x0000021aa257ddfb:   ba 20 14 e2 c4 fd 7f 00 00 41 ff d2 48 83 c4 08
0x0000021aa257de0b:   e9 0d 00 00 00 49 ba 20 14 e2 c4 fd 7f 00 00 41
0x0000021aa257de1b:   ff d2 48 83 c4 20 49 ba 00 00 00 00 00 00 00 00
0x0000021aa257de2b:   4d 89 97 28 03 00 00 49 ba 00 00 00 00 00 00 00
0x0000021aa257de3b:   00 4d 89 97 38 03 00 00 49 ba 00 00 00 00 00 00
0x0000021aa257de4b:   00 00 4d 89 97 30 03 00 00 c5 f8 77 49 81 7f 08
0x0000021aa257de5b:   00 00 00 00 0f 84 05 00 00 00 e9 96 2e ff ff 4c
0x0000021aa257de6b:   8b 6d c0 4c 8b 75 c8 c3 0f 1f 44 00 00 00 00 00
0x0000021aa257de7b:   00 00 00 00 00 20 05 00 00 00 00 00 00 90 dd 32
0x0000021aa257de8b:   c5 fd 7f 00 00 ff ff ff ff 00 00 00 00 00 00 00
0x0000021aa257de9b:   00 00 00 00 00 48 8b 53 08 0f b7 4a 34 0f b7 52
0x0000021aa257deab:   32 2b d1 81 fa f5 01 00 00 0f 86 25 00 00 00 48
0x0000021aa257debb:   8b c2 48 c1 e0 03 48 83 c0 58 49 03 87 10 04 00
0x0000021aa257decb:   00 48 3b e0 0f 87 0a 00 00 00 58 49 8b e5 50 e9
0x0000021aa257dedb:   a1 a7 ff ff 58 4c 8d 74 cc f8 85 d2 0f 8e 09 00
0x0000021aa257deeb:   00 00 68 00 00 00 00 ff ca 7f f7 50 55 48 8b ec
0x0000021aa257defb:   41 55 68 00 00 00 00 4c 8b 6b 08 4d 8d 6d 38 53
0x0000021aa257df0b:   48 8b 53 08 48 8b 52 08 48 8b 52 18 48 8b 52 70
0x0000021aa257df1b:   48 8b 12 52 48 8b 53 10 48 85 d2 0f 84 07 00 00
0x0000021aa257df2b:   00 48 81 c2 38 01 00 00 52 48 8b 53 08 48 8b 52
0x0000021aa257df3b:   08 48 8b 52 10 52 41 56 41 55 68 00 00 00 00 48
0x0000021aa257df4b:   89 24 24 41 c6 87 e5 03 00 00 01 48 8b 45 d8 48
0x0000021aa257df5b:   85 c0 0f 84 96 00 00 00 8b 48 fc 85 c9 0f 88 8b
0x0000021aa257df6b:   00 00 00 48 03 c1 48 8b 48 08 48 83 e9 02 48 8b
0x0000021aa257df7b:   54 c8 10 48 f7 da 49 8b 14 d6 48 85 d2 75 0b 48 


Stack slot to memory mapping:
stack at sp + 0 slots: 0x0000021aa5198ed4 is at entry_point+15156 in (nmethod*)0x0000021aa5194910
stack at sp + 1 slots: 
[error occurred during error reporting (inspecting top of stack), id 0xc0000005, EXCEPTION_ACCESS_VIOLATION (0xc0000005) at pc=0x00007ffdc4c3d266]


---------------  P R O C E S S  ---------------

Threads class SMR info:
_java_thread_list=0x0000021ac46d2490, length=11, elements={
0x0000021a9d258800, 0x0000021abd9fc000, 0x0000021abe2a2000, 0x0000021abe2bb800,
0x0000021abe2bd800, 0x0000021abe2be800, 0x0000021abe30f800, 0x0000021abe315000,
0x0000021abe318800, 0x0000021abe484000, 0x0000021ac0359000
}

Java Threads: ( => current thread )
=>0x0000021a9d258800 JavaThread "main" [_thread_in_Java, id=8096, stack(0x0000006985400000,0x0000006985500000)]
  0x0000021abd9fc000 JavaThread "Reference Handler" daemon [_thread_blocked, id=8392, stack(0x0000006985b00000,0x0000006985c00000)]
  0x0000021abe2a2000 JavaThread "Finalizer" daemon [_thread_blocked, id=6172, stack(0x0000006985c00000,0x0000006985d00000)]
  0x0000021abe2bb800 JavaThread "Signal Dispatcher" daemon [_thread_blocked, id=8836, stack(0x0000006985d00000,0x0000006985e00000)]
  0x0000021abe2bd800 JavaThread "Attach Listener" daemon [_thread_blocked, id=7108, stack(0x0000006985e00000,0x0000006985f00000)]
  0x0000021abe2be800 JavaThread "Service Thread" daemon [_thread_blocked, id=7092, stack(0x0000006985f00000,0x0000006986000000)]
  0x0000021abe30f800 JavaThread "C2 CompilerThread0" daemon [_thread_in_native, id=2804, stack(0x0000006986000000,0x0000006986100000)]
  0x0000021abe315000 JavaThread "C1 CompilerThread0" daemon [_thread_blocked, id=1164, stack(0x0000006986100000,0x0000006986200000)]
  0x0000021abe318800 JavaThread "Sweeper thread" daemon [_thread_blocked, id=4252, stack(0x0000006986200000,0x0000006986300000)]
  0x0000021abe484000 JavaThread "Common-Cleaner" daemon [_thread_blocked, id=4700, stack(0x0000006986400000,0x0000006986500000)]
  0x0000021ac0359000 JavaThread "C2 CompilerThread1" daemon [_thread_blocked, id=2104, stack(0x0000006986500000,0x0000006986600000)]

Other Threads:
  0x0000021abd9f6800 VMThread "VM Thread" [stack: 0x0000006985a00000,0x0000006985b00000] [id=4856]
  0x0000021abe476800 WatcherThread [stack: 0x0000006986300000,0x0000006986400000] [id=4176]
  0x0000021a9d271800 GCTaskThread "GC Thread#0" [stack: 0x0000006985500000,0x0000006985600000] [id=6964]
  0x0000021abea3a800 GCTaskThread "GC Thread#1" [stack: 0x0000006986600000,0x0000006986700000] [id=3760]
  0x0000021abea3b800 GCTaskThread "GC Thread#2" [stack: 0x0000006986700000,0x0000006986800000] [id=8740]
  0x0000021abea3c000 GCTaskThread "GC Thread#3" [stack: 0x0000006986800000,0x0000006986900000] [id=4712]
  0x0000021a9d2ce800 ConcurrentGCThread "G1 Main Marker" [stack: 0x0000006985600000,0x0000006985700000] [id=4588]
  0x0000021a9d2d0800 ConcurrentGCThread "G1 Conc#0" [stack: 0x0000006985700000,0x0000006985800000] [id=3936]
  0x0000021abd8db000 ConcurrentGCThread "G1 Refine#0" [stack: 0x0000006985800000,0x0000006985900000] [id=5844]
  0x0000021ac2129800 ConcurrentGCThread "G1 Refine#1" [stack: 0x0000006986900000,0x0000006986a00000] [id=908]
  0x0000021abd8dd000 ConcurrentGCThread "G1 Young RemSet Sampling" [stack: 0x0000006985900000,0x0000006985a00000] [id=3900]

Threads with active compile tasks:
C2 CompilerThread0  25810 14699       4       org.jetbrains.kotlin.load.kotlin.TypeSignatureMappingKt::mapBuiltInType (339 bytes)

VM state:not at safepoint (normal execution)

VM Mutex/Monitor currently owned by a thread: None

Heap address: 0x0000000700c00000, size: 4084 MB, Compressed Oops mode: Zero based, Oop shift amount: 3
Narrow klass base: 0x0000000800000000, Narrow klass shift: 0
Compressed class space size: 1073741824 Address: 0x0000000800000000

Heap:
 garbage-first heap   total 315392K, used 139776K [0x0000000700c00000, 0x0000000800000000)
  region size 1024K, 78 young (79872K), 10 survivors (10240K)
 Metaspace       used 88334K, capacity 89233K, committed 89580K, reserved 1128448K
  class space    used 9491K, capacity 9855K, committed 9972K, reserved 1048576K
Heap Regions: E=young(eden), S=young(survivor), O=old, HS=humongous(starts), HC=humongous(continues), CS=collection set, F=free, A=archive, TAMS=top-at-mark-start (previous, next)
|   0|0x0000000700c00000, 0x0000000700d00000, 0x0000000700d00000|100%|HS|  |TAMS 0x0000000700d00000, 0x0000000700c00000| Complete 
|   1|0x0000000700d00000, 0x0000000700e00000, 0x0000000700e00000|100%|HC|  |TAMS 0x0000000700e00000, 0x0000000700d00000| Complete 
|   2|0x0000000700e00000, 0x0000000700f00000, 0x0000000700f00000|100%|HC|  |TAMS 0x0000000700f00000, 0x0000000700e00000| Complete 
|   3|0x0000000700f00000, 0x0000000701000000, 0x0000000701000000|100%| O|  |TAMS 0x0000000701000000, 0x0000000700f00000| Untracked 
|   4|0x0000000701000000, 0x0000000701100000, 0x0000000701100000|100%| O|  |TAMS 0x0000000701100000, 0x0000000701000000| Untracked 
|   5|0x0000000701100000, 0x0000000701200000, 0x0000000701200000|100%|HS|  |TAMS 0x0000000701200000, 0x0000000701100000| Complete 
|   6|0x0000000701200000, 0x0000000701300000, 0x0000000701300000|100%|HC|  |TAMS 0x0000000701300000, 0x0000000701200000| Complete 
|   7|0x0000000701300000, 0x0000000701400000, 0x0000000701400000|100%|HC|  |TAMS 0x0000000701400000, 0x0000000701300000| Complete 
|   8|0x0000000701400000, 0x0000000701500000, 0x0000000701500000|100%| O|  |TAMS 0x0000000701500000, 0x0000000701400000| Untracked 
|   9|0x0000000701500000, 0x0000000701600000, 0x0000000701600000|100%| O|  |TAMS 0x0000000701574200, 0x0000000701500000| Untracked 
|  10|0x0000000701600000, 0x0000000701700000, 0x0000000701700000|100%| O|  |TAMS 0x0000000701700000, 0x0000000701600000| Untracked 
|  11|0x0000000701700000, 0x0000000701800000, 0x0000000701800000|100%| O|  |TAMS 0x0000000701800000, 0x0000000701700000| Untracked 
|  12|0x0000000701800000, 0x0000000701900000, 0x0000000701900000|100%| O|  |TAMS 0x0000000701900000, 0x0000000701800000| Untracked 
|  13|0x0000000701900000, 0x0000000701a00000, 0x0000000701a00000|100%| O|  |TAMS 0x0000000701a00000, 0x0000000701900000| Untracked 
|  14|0x0000000701a00000, 0x0000000701b00000, 0x0000000701b00000|100%|HS|  |TAMS 0x0000000701b00000, 0x0000000701a00000| Complete 
|  15|0x0000000701b00000, 0x0000000701c00000, 0x0000000701c00000|100%|HC|  |TAMS 0x0000000701c00000, 0x0000000701b00000| Complete 
|  16|0x0000000701c00000, 0x0000000701d00000, 0x0000000701d00000|100%| O|  |TAMS 0x0000000701c00000, 0x0000000701c00000| Untracked 
|  17|0x0000000701d00000, 0x0000000701e00000, 0x0000000701e00000|100%| O|  |TAMS 0x0000000701e00000, 0x0000000701d00000| Untracked 
|  18|0x0000000701e00000, 0x0000000701f00000, 0x0000000701f00000|100%| O|  |TAMS 0x0000000701f00000, 0x0000000701e00000| Untracked 
|  19|0x0000000701f00000, 0x0000000702000000, 0x0000000702000000|100%| O|  |TAMS 0x0000000702000000, 0x0000000701f00000| Untracked 
|  20|0x0000000702000000, 0x0000000702100000, 0x0000000702100000|100%| O|  |TAMS 0x0000000702100000, 0x0000000702000000| Untracked 
|  21|0x0000000702100000, 0x0000000702200000, 0x0000000702200000|100%| O|  |TAMS 0x0000000702200000, 0x0000000702100000| Untracked 
|  22|0x0000000702200000, 0x0000000702300000, 0x0000000702300000|100%| O|  |TAMS 0x0000000702300000, 0x0000000702200000| Untracked 
|  23|0x0000000702300000, 0x0000000702400000, 0x0000000702400000|100%| O|  |TAMS 0x0000000702300000, 0x0000000702300000| Untracked 
|  24|0x0000000702400000, 0x0000000702500000, 0x0000000702500000|100%| O|  |TAMS 0x0000000702400000, 0x0000000702400000| Untracked 
|  25|0x0000000702500000, 0x0000000702600000, 0x0000000702600000|100%| O|  |TAMS 0x0000000702500000, 0x0000000702500000| Untracked 
|  26|0x0000000702600000, 0x0000000702700000, 0x0000000702700000|100%| O|  |TAMS 0x0000000702600000, 0x0000000702600000| Untracked 
|  27|0x0000000702700000, 0x0000000702800000, 0x0000000702800000|100%| O|  |TAMS 0x0000000702700000, 0x0000000702700000| Untracked 
|  28|0x0000000702800000, 0x0000000702900000, 0x0000000702900000|100%| O|  |TAMS 0x0000000702800000, 0x0000000702800000| Untracked 
|  29|0x0000000702900000, 0x0000000702a00000, 0x0000000702a00000|100%| O|  |TAMS 0x0000000702900000, 0x0000000702900000| Untracked 
|  30|0x0000000702a00000, 0x0000000702b00000, 0x0000000702b00000|100%| O|  |TAMS 0x0000000702a00000, 0x0000000702a00000| Untracked 
|  31|0x0000000702b00000, 0x0000000702c00000, 0x0000000702c00000|100%| O|  |TAMS 0x0000000702b00000, 0x0000000702b00000| Untracked 
|  32|0x0000000702c00000, 0x0000000702d00000, 0x0000000702d00000|100%| O|  |TAMS 0x0000000702c00000, 0x0000000702c00000| Untracked 
|  33|0x0000000702d00000, 0x0000000702e00000, 0x0000000702e00000|100%| O|  |TAMS 0x0000000702d00000, 0x0000000702d00000| Untracked 
|  34|0x0000000702e00000, 0x0000000702f00000, 0x0000000702f00000|100%| O|  |TAMS 0x0000000702e00000, 0x0000000702e00000| Untracked 
|  35|0x0000000702f00000, 0x0000000703000000, 0x0000000703000000|100%| O|  |TAMS 0x0000000702f00000, 0x0000000702f00000| Untracked 
|  36|0x0000000703000000, 0x0000000703100000, 0x0000000703100000|100%| O|  |TAMS 0x0000000703000000, 0x0000000703000000| Untracked 
|  37|0x0000000703100000, 0x0000000703200000, 0x0000000703200000|100%| O|  |TAMS 0x0000000703100000, 0x0000000703100000| Untracked 
|  38|0x0000000703200000, 0x0000000703300000, 0x0000000703300000|100%| O|  |TAMS 0x0000000703200000, 0x0000000703200000| Untracked 
|  39|0x0000000703300000, 0x0000000703400000, 0x0000000703400000|100%| O|  |TAMS 0x0000000703300000, 0x0000000703300000| Untracked 
|  40|0x0000000703400000, 0x0000000703500000, 0x0000000703500000|100%| O|  |TAMS 0x0000000703400000, 0x0000000703400000| Untracked 
|  41|0x0000000703500000, 0x0000000703600000, 0x0000000703600000|100%| O|  |TAMS 0x0000000703500000, 0x0000000703500000| Untracked 
|  42|0x0000000703600000, 0x0000000703700000, 0x0000000703700000|100%| O|  |TAMS 0x0000000703600000, 0x0000000703600000| Untracked 
|  43|0x0000000703700000, 0x0000000703800000, 0x0000000703800000|100%| O|  |TAMS 0x0000000703700000, 0x0000000703700000| Untracked 
|  44|0x0000000703800000, 0x0000000703900000, 0x0000000703900000|100%| O|  |TAMS 0x0000000703800000, 0x0000000703800000| Untracked 
|  45|0x0000000703900000, 0x0000000703a00000, 0x0000000703a00000|100%| O|  |TAMS 0x0000000703900000, 0x0000000703900000| Untracked 
|  46|0x0000000703a00000, 0x0000000703b00000, 0x0000000703b00000|100%| O|  |TAMS 0x0000000703a00000, 0x0000000703a00000| Untracked 
|  47|0x0000000703b00000, 0x0000000703c00000, 0x0000000703c00000|100%| O|  |TAMS 0x0000000703b00000, 0x0000000703b00000| Untracked 
|  48|0x0000000703c00000, 0x0000000703d00000, 0x0000000703d00000|100%| O|  |TAMS 0x0000000703c00000, 0x0000000703c00000| Untracked 
|  49|0x0000000703d00000, 0x0000000703e00000, 0x0000000703e00000|100%| O|  |TAMS 0x0000000703d00000, 0x0000000703d00000| Untracked 
|  50|0x0000000703e00000, 0x0000000703f00000, 0x0000000703f00000|100%| O|  |TAMS 0x0000000703e00000, 0x0000000703e00000| Untracked 
|  51|0x0000000703f00000, 0x0000000704000000, 0x0000000704000000|100%| O|  |TAMS 0x0000000703f00000, 0x0000000703f00000| Untracked 
|  52|0x0000000704000000, 0x0000000704100000, 0x0000000704100000|100%| O|  |TAMS 0x0000000704000000, 0x0000000704000000| Untracked 
|  53|0x0000000704100000, 0x0000000704200000, 0x0000000704200000|100%| O|  |TAMS 0x0000000704100000, 0x0000000704100000| Untracked 
|  54|0x0000000704200000, 0x0000000704300000, 0x0000000704300000|100%| O|  |TAMS 0x0000000704200000, 0x0000000704200000| Untracked 
|  55|0x0000000704300000, 0x0000000704400000, 0x0000000704400000|100%| O|  |TAMS 0x0000000704300000, 0x0000000704300000| Untracked 
|  56|0x0000000704400000, 0x0000000704500000, 0x0000000704500000|100%| O|  |TAMS 0x0000000704400000, 0x0000000704400000| Untracked 
|  57|0x0000000704500000, 0x0000000704600000, 0x0000000704600000|100%| O|  |TAMS 0x0000000704500000, 0x0000000704500000| Untracked 
|  58|0x0000000704600000, 0x0000000704700000, 0x0000000704700000|100%| O|  |TAMS 0x0000000704600000, 0x0000000704600000| Untracked 
|  59|0x0000000704700000, 0x0000000704780000, 0x0000000704800000| 50%| O|  |TAMS 0x0000000704700000, 0x0000000704700000| Untracked 
|  60|0x0000000704800000, 0x0000000704800000, 0x0000000704900000|  0%| F|  |TAMS 0x0000000704800000, 0x0000000704800000| Untracked 
|  61|0x0000000704900000, 0x0000000704900000, 0x0000000704a00000|  0%| F|  |TAMS 0x0000000704900000, 0x0000000704900000| Untracked 
|  62|0x0000000704a00000, 0x0000000704a00000, 0x0000000704b00000|  0%| F|  |TAMS 0x0000000704a00000, 0x0000000704a00000| Untracked 
|  63|0x0000000704b00000, 0x0000000704b00000, 0x0000000704c00000|  0%| F|  |TAMS 0x0000000704b00000, 0x0000000704b00000| Untracked 
|  64|0x0000000704c00000, 0x0000000704c00000, 0x0000000704d00000|  0%| F|  |TAMS 0x0000000704c00000, 0x0000000704c00000| Untracked 
|  65|0x0000000704d00000, 0x0000000704d00000, 0x0000000704e00000|  0%| F|  |TAMS 0x0000000704d00000, 0x0000000704d00000| Untracked 
|  66|0x0000000704e00000, 0x0000000704e00000, 0x0000000704f00000|  0%| F|  |TAMS 0x0000000704e00000, 0x0000000704e00000| Untracked 
|  67|0x0000000704f00000, 0x0000000704f00000, 0x0000000705000000|  0%| F|  |TAMS 0x0000000704f00000, 0x0000000704f00000| Untracked 
|  68|0x0000000705000000, 0x0000000705000000, 0x0000000705100000|  0%| F|  |TAMS 0x0000000705000000, 0x0000000705000000| Untracked 
|  69|0x0000000705100000, 0x0000000705100000, 0x0000000705200000|  0%| F|  |TAMS 0x0000000705100000, 0x0000000705100000| Untracked 
|  70|0x0000000705200000, 0x0000000705200000, 0x0000000705300000|  0%| F|  |TAMS 0x0000000705200000, 0x0000000705200000| Untracked 
|  71|0x0000000705300000, 0x0000000705300000, 0x0000000705400000|  0%| F|  |TAMS 0x0000000705300000, 0x0000000705300000| Untracked 
|  72|0x0000000705400000, 0x0000000705400000, 0x0000000705500000|  0%| F|  |TAMS 0x0000000705400000, 0x0000000705400000| Untracked 
|  73|0x0000000705500000, 0x0000000705500000, 0x0000000705600000|  0%| F|  |TAMS 0x0000000705500000, 0x0000000705500000| Untracked 
|  74|0x0000000705600000, 0x0000000705600000, 0x0000000705700000|  0%| F|  |TAMS 0x0000000705600000, 0x0000000705600000| Untracked 
|  75|0x0000000705700000, 0x0000000705700000, 0x0000000705800000|  0%| F|  |TAMS 0x0000000705700000, 0x0000000705700000| Untracked 
|  76|0x0000000705800000, 0x0000000705800000, 0x0000000705900000|  0%| F|  |TAMS 0x0000000705800000, 0x0000000705800000| Untracked 
|  77|0x0000000705900000, 0x0000000705900000, 0x0000000705a00000|  0%| F|  |TAMS 0x0000000705900000, 0x0000000705900000| Untracked 
|  78|0x0000000705a00000, 0x0000000705a00000, 0x0000000705b00000|  0%| F|  |TAMS 0x0000000705a00000, 0x0000000705a00000| Untracked 
|  79|0x0000000705b00000, 0x0000000705b00000, 0x0000000705c00000|  0%| F|  |TAMS 0x0000000705b00000, 0x0000000705b00000| Untracked 
|  80|0x0000000705c00000, 0x0000000705c00000, 0x0000000705d00000|  0%| F|  |TAMS 0x0000000705c00000, 0x0000000705c00000| Untracked 
|  81|0x0000000705d00000, 0x0000000705d00000, 0x0000000705e00000|  0%| F|  |TAMS 0x0000000705d00000, 0x0000000705d00000| Untracked 
|  82|0x0000000705e00000, 0x0000000705e00000, 0x0000000705f00000|  0%| F|  |TAMS 0x0000000705e00000, 0x0000000705e00000| Untracked 
|  83|0x0000000705f00000, 0x0000000705f00000, 0x0000000706000000|  0%| F|  |TAMS 0x0000000705f00000, 0x0000000705f00000| Untracked 
|  84|0x0000000706000000, 0x0000000706000000, 0x0000000706100000|  0%| F|  |TAMS 0x0000000706000000, 0x0000000706000000| Untracked 
|  85|0x0000000706100000, 0x0000000706100000, 0x0000000706200000|  0%| F|  |TAMS 0x0000000706100000, 0x0000000706100000| Untracked 
|  86|0x0000000706200000, 0x0000000706200000, 0x0000000706300000|  0%| F|  |TAMS 0x0000000706200000, 0x0000000706200000| Untracked 
|  87|0x0000000706300000, 0x0000000706300000, 0x0000000706400000|  0%| F|  |TAMS 0x0000000706300000, 0x0000000706300000| Untracked 
|  88|0x0000000706400000, 0x0000000706400000, 0x0000000706500000|  0%| F|  |TAMS 0x0000000706400000, 0x0000000706400000| Untracked 
|  89|0x0000000706500000, 0x0000000706500000, 0x0000000706600000|  0%| F|  |TAMS 0x0000000706500000, 0x0000000706500000| Untracked 
|  90|0x0000000706600000, 0x0000000706600000, 0x0000000706700000|  0%| F|  |TAMS 0x0000000706600000, 0x0000000706600000| Untracked 
|  91|0x0000000706700000, 0x0000000706700000, 0x0000000706800000|  0%| F|  |TAMS 0x0000000706700000, 0x0000000706700000| Untracked 
|  92|0x0000000706800000, 0x0000000706800000, 0x0000000706900000|  0%| F|  |TAMS 0x0000000706800000, 0x0000000706800000| Untracked 
|  93|0x0000000706900000, 0x0000000706900000, 0x0000000706a00000|  0%| F|  |TAMS 0x0000000706900000, 0x0000000706900000| Untracked 
|  94|0x0000000706a00000, 0x0000000706a00000, 0x0000000706b00000|  0%| F|  |TAMS 0x0000000706a00000, 0x0000000706a00000| Untracked 
|  95|0x0000000706b00000, 0x0000000706b00000, 0x0000000706c00000|  0%| F|  |TAMS 0x0000000706b00000, 0x0000000706b00000| Untracked 
|  96|0x0000000706c00000, 0x0000000706c00000, 0x0000000706d00000|  0%| F|  |TAMS 0x0000000706c00000, 0x0000000706c00000| Untracked 
|  97|0x0000000706d00000, 0x0000000706d00000, 0x0000000706e00000|  0%| F|  |TAMS 0x0000000706d00000, 0x0000000706d00000| Untracked 
|  98|0x0000000706e00000, 0x0000000706e00000, 0x0000000706f00000|  0%| F|  |TAMS 0x0000000706e00000, 0x0000000706e00000| Untracked 
|  99|0x0000000706f00000, 0x0000000706f00000, 0x0000000707000000|  0%| F|  |TAMS 0x0000000706f00000, 0x0000000706f00000| Untracked 
| 100|0x0000000707000000, 0x0000000707000000, 0x0000000707100000|  0%| F|  |TAMS 0x0000000707000000, 0x0000000707000000| Untracked 
| 101|0x0000000707100000, 0x0000000707100000, 0x0000000707200000|  0%| F|  |TAMS 0x0000000707100000, 0x0000000707100000| Untracked 
| 102|0x0000000707200000, 0x0000000707200000, 0x0000000707300000|  0%| F|  |TAMS 0x0000000707200000, 0x0000000707200000| Untracked 
| 103|0x0000000707300000, 0x0000000707300000, 0x0000000707400000|  0%| F|  |TAMS 0x0000000707300000, 0x0000000707300000| Untracked 
| 104|0x0000000707400000, 0x0000000707400000, 0x0000000707500000|  0%| F|  |TAMS 0x0000000707400000, 0x0000000707400000| Untracked 
| 105|0x0000000707500000, 0x0000000707500000, 0x0000000707600000|  0%| F|  |TAMS 0x0000000707500000, 0x0000000707500000| Untracked 
| 106|0x0000000707600000, 0x0000000707600000, 0x0000000707700000|  0%| F|  |TAMS 0x0000000707600000, 0x0000000707600000| Untracked 
| 107|0x0000000707700000, 0x0000000707700000, 0x0000000707800000|  0%| F|  |TAMS 0x0000000707700000, 0x0000000707700000| Untracked 
| 108|0x0000000707800000, 0x0000000707800000, 0x0000000707900000|  0%| F|  |TAMS 0x0000000707800000, 0x0000000707800000| Untracked 
| 109|0x0000000707900000, 0x0000000707900000, 0x0000000707a00000|  0%| F|  |TAMS 0x0000000707900000, 0x0000000707900000| Untracked 
| 110|0x0000000707a00000, 0x0000000707a00000, 0x0000000707b00000|  0%| F|  |TAMS 0x0000000707a00000, 0x0000000707a00000| Untracked 
| 111|0x0000000707b00000, 0x0000000707b00000, 0x0000000707c00000|  0%| F|  |TAMS 0x0000000707b00000, 0x0000000707b00000| Untracked 
| 112|0x0000000707c00000, 0x0000000707c00000, 0x0000000707d00000|  0%| F|  |TAMS 0x0000000707c00000, 0x0000000707c00000| Untracked 
| 113|0x0000000707d00000, 0x0000000707d00000, 0x0000000707e00000|  0%| F|  |TAMS 0x0000000707d00000, 0x0000000707d00000| Untracked 
| 114|0x0000000707e00000, 0x0000000707e00000, 0x0000000707f00000|  0%| F|  |TAMS 0x0000000707e00000, 0x0000000707e00000| Untracked 
| 115|0x0000000707f00000, 0x0000000707f00000, 0x0000000708000000|  0%| F|  |TAMS 0x0000000707f00000, 0x0000000707f00000| Untracked 
| 116|0x0000000708000000, 0x0000000708000000, 0x0000000708100000|  0%| F|  |TAMS 0x0000000708000000, 0x0000000708000000| Untracked 
| 117|0x0000000708100000, 0x0000000708100000, 0x0000000708200000|  0%| F|  |TAMS 0x0000000708100000, 0x0000000708100000| Untracked 
| 118|0x0000000708200000, 0x0000000708200000, 0x0000000708300000|  0%| F|  |TAMS 0x0000000708200000, 0x0000000708200000| Untracked 
| 119|0x0000000708300000, 0x0000000708300000, 0x0000000708400000|  0%| F|  |TAMS 0x0000000708300000, 0x0000000708300000| Untracked 
| 120|0x0000000708400000, 0x0000000708400000, 0x0000000708500000|  0%| F|  |TAMS 0x0000000708400000, 0x0000000708400000| Untracked 
| 121|0x0000000708500000, 0x0000000708500000, 0x0000000708600000|  0%| F|  |TAMS 0x0000000708500000, 0x0000000708500000| Untracked 
| 122|0x0000000708600000, 0x0000000708600000, 0x0000000708700000|  0%| F|  |TAMS 0x0000000708600000, 0x0000000708600000| Untracked 
| 123|0x0000000708700000, 0x0000000708700000, 0x0000000708800000|  0%| F|  |TAMS 0x0000000708700000, 0x0000000708700000| Untracked 
| 124|0x0000000708800000, 0x0000000708800000, 0x0000000708900000|  0%| F|  |TAMS 0x0000000708800000, 0x0000000708800000| Untracked 
| 125|0x0000000708900000, 0x0000000708900000, 0x0000000708a00000|  0%| F|  |TAMS 0x0000000708900000, 0x0000000708900000| Untracked 
| 126|0x0000000708a00000, 0x0000000708a00000, 0x0000000708b00000|  0%| F|  |TAMS 0x0000000708a00000, 0x0000000708a00000| Untracked 
| 127|0x0000000708b00000, 0x0000000708b00000, 0x0000000708c00000|  0%| F|  |TAMS 0x0000000708b00000, 0x0000000708b00000| Untracked 
| 128|0x0000000708c00000, 0x0000000708c00000, 0x0000000708d00000|  0%| F|  |TAMS 0x0000000708c00000, 0x0000000708c00000| Untracked 
| 129|0x0000000708d00000, 0x0000000708d00000, 0x0000000708e00000|  0%| F|  |TAMS 0x0000000708d00000, 0x0000000708d00000| Untracked 
| 130|0x0000000708e00000, 0x0000000708e00000, 0x0000000708f00000|  0%| F|  |TAMS 0x0000000708e00000, 0x0000000708e00000| Untracked 
| 131|0x0000000708f00000, 0x0000000708f00000, 0x0000000709000000|  0%| F|  |TAMS 0x0000000708f00000, 0x0000000708f00000| Untracked 
| 132|0x0000000709000000, 0x0000000709000000, 0x0000000709100000|  0%| F|  |TAMS 0x0000000709000000, 0x0000000709000000| Untracked 
| 133|0x0000000709100000, 0x0000000709100000, 0x0000000709200000|  0%| F|  |TAMS 0x0000000709100000, 0x0000000709100000| Untracked 
| 134|0x0000000709200000, 0x0000000709200000, 0x0000000709300000|  0%| F|  |TAMS 0x0000000709200000, 0x0000000709200000| Untracked 
| 135|0x0000000709300000, 0x0000000709300000, 0x0000000709400000|  0%| F|  |TAMS 0x0000000709300000, 0x0000000709300000| Untracked 
| 136|0x0000000709400000, 0x0000000709400000, 0x0000000709500000|  0%| F|  |TAMS 0x0000000709400000, 0x0000000709400000| Untracked 
| 137|0x0000000709500000, 0x0000000709500000, 0x0000000709600000|  0%| F|  |TAMS 0x0000000709500000, 0x0000000709500000| Untracked 
| 138|0x0000000709600000, 0x0000000709600000, 0x0000000709700000|  0%| F|  |TAMS 0x0000000709600000, 0x0000000709600000| Untracked 
| 139|0x0000000709700000, 0x0000000709700000, 0x0000000709800000|  0%| F|  |TAMS 0x0000000709700000, 0x0000000709700000| Untracked 
| 140|0x0000000709800000, 0x0000000709800000, 0x0000000709900000|  0%| F|  |TAMS 0x0000000709800000, 0x0000000709800000| Untracked 
| 141|0x0000000709900000, 0x0000000709900000, 0x0000000709a00000|  0%| F|  |TAMS 0x0000000709900000, 0x0000000709900000| Untracked 
| 142|0x0000000709a00000, 0x0000000709a00000, 0x0000000709b00000|  0%| F|  |TAMS 0x0000000709a00000, 0x0000000709a00000| Untracked 
| 143|0x0000000709b00000, 0x0000000709b00000, 0x0000000709c00000|  0%| F|  |TAMS 0x0000000709b00000, 0x0000000709b00000| Untracked 
| 144|0x0000000709c00000, 0x0000000709c00000, 0x0000000709d00000|  0%| F|  |TAMS 0x0000000709c00000, 0x0000000709c00000| Untracked 
| 145|0x0000000709d00000, 0x0000000709d00000, 0x0000000709e00000|  0%| F|  |TAMS 0x0000000709d00000, 0x0000000709d00000| Untracked 
| 146|0x0000000709e00000, 0x0000000709e00000, 0x0000000709f00000|  0%| F|  |TAMS 0x0000000709e00000, 0x0000000709e00000| Untracked 
| 147|0x0000000709f00000, 0x0000000709f00000, 0x000000070a000000|  0%| F|  |TAMS 0x0000000709f00000, 0x0000000709f00000| Untracked 
| 148|0x000000070a000000, 0x000000070a000000, 0x000000070a100000|  0%| F|  |TAMS 0x000000070a000000, 0x000000070a000000| Untracked 
| 149|0x000000070a100000, 0x000000070a100000, 0x000000070a200000|  0%| F|  |TAMS 0x000000070a100000, 0x000000070a100000| Untracked 
| 150|0x000000070a200000, 0x000000070a200000, 0x000000070a300000|  0%| F|  |TAMS 0x000000070a200000, 0x000000070a200000| Untracked 
| 151|0x000000070a300000, 0x000000070a300000, 0x000000070a400000|  0%| F|  |TAMS 0x000000070a300000, 0x000000070a300000| Untracked 
| 152|0x000000070a400000, 0x000000070a400000, 0x000000070a500000|  0%| F|  |TAMS 0x000000070a400000, 0x000000070a400000| Untracked 
| 153|0x000000070a500000, 0x000000070a500000, 0x000000070a600000|  0%| F|  |TAMS 0x000000070a500000, 0x000000070a500000| Untracked 
| 154|0x000000070a600000, 0x000000070a600000, 0x000000070a700000|  0%| F|  |TAMS 0x000000070a600000, 0x000000070a600000| Untracked 
| 155|0x000000070a700000, 0x000000070a700000, 0x000000070a800000|  0%| F|  |TAMS 0x000000070a700000, 0x000000070a700000| Untracked 
| 156|0x000000070a800000, 0x000000070a800000, 0x000000070a900000|  0%| F|  |TAMS 0x000000070a800000, 0x000000070a800000| Untracked 
| 157|0x000000070a900000, 0x000000070a900000, 0x000000070aa00000|  0%| F|  |TAMS 0x000000070a900000, 0x000000070a900000| Untracked 
| 158|0x000000070aa00000, 0x000000070aa00000, 0x000000070ab00000|  0%| F|  |TAMS 0x000000070aa00000, 0x000000070aa00000| Untracked 
| 159|0x000000070ab00000, 0x000000070ab00000, 0x000000070ac00000|  0%| F|  |TAMS 0x000000070ab00000, 0x000000070ab00000| Untracked 
| 160|0x000000070ac00000, 0x000000070ac00000, 0x000000070ad00000|  0%| F|  |TAMS 0x000000070ac00000, 0x000000070ac00000| Untracked 
| 161|0x000000070ad00000, 0x000000070ad00000, 0x000000070ae00000|  0%| F|  |TAMS 0x000000070ad00000, 0x000000070ad00000| Untracked 
| 162|0x000000070ae00000, 0x000000070ae00000, 0x000000070af00000|  0%| F|  |TAMS 0x000000070ae00000, 0x000000070ae00000| Untracked 
| 163|0x000000070af00000, 0x000000070af00000, 0x000000070b000000|  0%| F|  |TAMS 0x000000070af00000, 0x000000070af00000| Untracked 
| 164|0x000000070b000000, 0x000000070b000000, 0x000000070b100000|  0%| F|  |TAMS 0x000000070b000000, 0x000000070b000000| Untracked 
| 165|0x000000070b100000, 0x000000070b100000, 0x000000070b200000|  0%| F|  |TAMS 0x000000070b100000, 0x000000070b100000| Untracked 
| 166|0x000000070b200000, 0x000000070b200000, 0x000000070b300000|  0%| F|  |TAMS 0x000000070b200000, 0x000000070b200000| Untracked 
| 167|0x000000070b300000, 0x000000070b300000, 0x000000070b400000|  0%| F|  |TAMS 0x000000070b300000, 0x000000070b300000| Untracked 
| 168|0x000000070b400000, 0x000000070b400000, 0x000000070b500000|  0%| F|  |TAMS 0x000000070b400000, 0x000000070b400000| Untracked 
| 169|0x000000070b500000, 0x000000070b500000, 0x000000070b600000|  0%| F|  |TAMS 0x000000070b500000, 0x000000070b500000| Untracked 
| 170|0x000000070b600000, 0x000000070b600000, 0x000000070b700000|  0%| F|  |TAMS 0x000000070b600000, 0x000000070b600000| Untracked 
| 171|0x000000070b700000, 0x000000070b700000, 0x000000070b800000|  0%| F|  |TAMS 0x000000070b700000, 0x000000070b700000| Untracked 
| 172|0x000000070b800000, 0x000000070b800000, 0x000000070b900000|  0%| F|  |TAMS 0x000000070b800000, 0x000000070b800000| Untracked 
| 173|0x000000070b900000, 0x000000070b900000, 0x000000070ba00000|  0%| F|  |TAMS 0x000000070b900000, 0x000000070b900000| Untracked 
| 174|0x000000070ba00000, 0x000000070ba00000, 0x000000070bb00000|  0%| F|  |TAMS 0x000000070ba00000, 0x000000070ba00000| Untracked 
| 175|0x000000070bb00000, 0x000000070bb00000, 0x000000070bc00000|  0%| F|  |TAMS 0x000000070bb00000, 0x000000070bb00000| Untracked 
| 176|0x000000070bc00000, 0x000000070bc00000, 0x000000070bd00000|  0%| F|  |TAMS 0x000000070bc00000, 0x000000070bc00000| Untracked 
| 177|0x000000070bd00000, 0x000000070bd00000, 0x000000070be00000|  0%| F|  |TAMS 0x000000070bd00000, 0x000000070bd00000| Untracked 
| 178|0x000000070be00000, 0x000000070be00000, 0x000000070bf00000|  0%| F|  |TAMS 0x000000070be00000, 0x000000070be00000| Untracked 
| 179|0x000000070bf00000, 0x000000070bf00000, 0x000000070c000000|  0%| F|  |TAMS 0x000000070bf00000, 0x000000070bf00000| Untracked 
| 180|0x000000070c000000, 0x000000070c000000, 0x000000070c100000|  0%| F|  |TAMS 0x000000070c000000, 0x000000070c000000| Untracked 
| 181|0x000000070c100000, 0x000000070c100000, 0x000000070c200000|  0%| F|  |TAMS 0x000000070c100000, 0x000000070c100000| Untracked 
| 182|0x000000070c200000, 0x000000070c200000, 0x000000070c300000|  0%| F|  |TAMS 0x000000070c200000, 0x000000070c200000| Untracked 
| 183|0x000000070c300000, 0x000000070c300000, 0x000000070c400000|  0%| F|  |TAMS 0x000000070c300000, 0x000000070c300000| Untracked 
| 184|0x000000070c400000, 0x000000070c500000, 0x000000070c500000|100%| S|CS|TAMS 0x000000070c400000, 0x000000070c400000| Complete 
| 185|0x000000070c500000, 0x000000070c600000, 0x000000070c600000|100%| S|CS|TAMS 0x000000070c500000, 0x000000070c500000| Complete 
| 186|0x000000070c600000, 0x000000070c700000, 0x000000070c700000|100%| S|CS|TAMS 0x000000070c600000, 0x000000070c600000| Complete 
| 187|0x000000070c700000, 0x000000070c800000, 0x000000070c800000|100%| S|CS|TAMS 0x000000070c700000, 0x000000070c700000| Complete 
| 188|0x000000070c800000, 0x000000070c900000, 0x000000070c900000|100%| S|CS|TAMS 0x000000070c800000, 0x000000070c800000| Complete 
| 189|0x000000070c900000, 0x000000070ca00000, 0x000000070ca00000|100%| S|CS|TAMS 0x000000070c900000, 0x000000070c900000| Complete 
| 190|0x000000070ca00000, 0x000000070cb00000, 0x000000070cb00000|100%| S|CS|TAMS 0x000000070ca00000, 0x000000070ca00000| Complete 
| 191|0x000000070cb00000, 0x000000070cc00000, 0x000000070cc00000|100%| S|CS|TAMS 0x000000070cb00000, 0x000000070cb00000| Complete 
| 192|0x000000070cc00000, 0x000000070cd00000, 0x000000070cd00000|100%| S|CS|TAMS 0x000000070cc00000, 0x000000070cc00000| Complete 
| 193|0x000000070cd00000, 0x000000070ce00000, 0x000000070ce00000|100%| S|CS|TAMS 0x000000070cd00000, 0x000000070cd00000| Complete 
| 194|0x000000070ce00000, 0x000000070ce00000, 0x000000070cf00000|  0%| F|  |TAMS 0x000000070ce00000, 0x000000070ce00000| Untracked 
| 195|0x000000070cf00000, 0x000000070cf00000, 0x000000070d000000|  0%| F|  |TAMS 0x000000070cf00000, 0x000000070cf00000| Untracked 
| 196|0x000000070d000000, 0x000000070d000000, 0x000000070d100000|  0%| F|  |TAMS 0x000000070d000000, 0x000000070d000000| Untracked 
| 197|0x000000070d100000, 0x000000070d100000, 0x000000070d200000|  0%| F|  |TAMS 0x000000070d100000, 0x000000070d100000| Untracked 
| 198|0x000000070d200000, 0x000000070d200000, 0x000000070d300000|  0%| F|  |TAMS 0x000000070d200000, 0x000000070d200000| Untracked 
| 199|0x000000070d300000, 0x000000070d300000, 0x000000070d400000|  0%| F|  |TAMS 0x000000070d300000, 0x000000070d300000| Untracked 
| 200|0x000000070d400000, 0x000000070d400000, 0x000000070d500000|  0%| F|  |TAMS 0x000000070d400000, 0x000000070d400000| Untracked 
| 201|0x000000070d500000, 0x000000070d500000, 0x000000070d600000|  0%| F|  |TAMS 0x000000070d500000, 0x000000070d500000| Untracked 
| 202|0x000000070d600000, 0x000000070d600000, 0x000000070d700000|  0%| F|  |TAMS 0x000000070d600000, 0x000000070d600000| Untracked 
| 203|0x000000070d700000, 0x000000070d700000, 0x000000070d800000|  0%| F|  |TAMS 0x000000070d700000, 0x000000070d700000| Untracked 
| 204|0x000000070d800000, 0x000000070d800000, 0x000000070d900000|  0%| F|  |TAMS 0x000000070d800000, 0x000000070d800000| Untracked 
| 205|0x000000070d900000, 0x000000070d900000, 0x000000070da00000|  0%| F|  |TAMS 0x000000070d900000, 0x000000070d900000| Untracked 
| 206|0x000000070da00000, 0x000000070da00000, 0x000000070db00000|  0%| F|  |TAMS 0x000000070da00000, 0x000000070da00000| Untracked 
| 207|0x000000070db00000, 0x000000070db00000, 0x000000070dc00000|  0%| F|  |TAMS 0x000000070db00000, 0x000000070db00000| Untracked 
| 208|0x000000070dc00000, 0x000000070dc00000, 0x000000070dd00000|  0%| F|  |TAMS 0x000000070dc00000, 0x000000070dc00000| Untracked 
| 209|0x000000070dd00000, 0x000000070dd00000, 0x000000070de00000|  0%| F|  |TAMS 0x000000070dd00000, 0x000000070dd00000| Untracked 
| 210|0x000000070de00000, 0x000000070de00000, 0x000000070df00000|  0%| F|  |TAMS 0x000000070de00000, 0x000000070de00000| Untracked 
| 211|0x000000070df00000, 0x000000070df00000, 0x000000070e000000|  0%| F|  |TAMS 0x000000070df00000, 0x000000070df00000| Untracked 
| 212|0x000000070e000000, 0x000000070e000000, 0x000000070e100000|  0%| F|  |TAMS 0x000000070e000000, 0x000000070e000000| Untracked 
| 213|0x000000070e100000, 0x000000070e100000, 0x000000070e200000|  0%| F|  |TAMS 0x000000070e100000, 0x000000070e100000| Untracked 
| 214|0x000000070e200000, 0x000000070e200000, 0x000000070e300000|  0%| F|  |TAMS 0x000000070e200000, 0x000000070e200000| Untracked 
| 215|0x000000070e300000, 0x000000070e300000, 0x000000070e400000|  0%| F|  |TAMS 0x000000070e300000, 0x000000070e300000| Untracked 
| 216|0x000000070e400000, 0x000000070e400000, 0x000000070e500000|  0%| F|  |TAMS 0x000000070e400000, 0x000000070e400000| Untracked 
| 217|0x000000070e500000, 0x000000070e500000, 0x000000070e600000|  0%| F|  |TAMS 0x000000070e500000, 0x000000070e500000| Untracked 
| 218|0x000000070e600000, 0x000000070e600000, 0x000000070e700000|  0%| F|  |TAMS 0x000000070e600000, 0x000000070e600000| Untracked 
| 219|0x000000070e700000, 0x000000070e700000, 0x000000070e800000|  0%| F|  |TAMS 0x000000070e700000, 0x000000070e700000| Untracked 
| 220|0x000000070e800000, 0x000000070e800000, 0x000000070e900000|  0%| F|  |TAMS 0x000000070e800000, 0x000000070e800000| Untracked 
| 221|0x000000070e900000, 0x000000070e900000, 0x000000070ea00000|  0%| F|  |TAMS 0x000000070e900000, 0x000000070e900000| Untracked 
| 222|0x000000070ea00000, 0x000000070ea00000, 0x000000070eb00000|  0%| F|  |TAMS 0x000000070ea00000, 0x000000070ea00000| Untracked 
| 223|0x000000070eb00000, 0x000000070eb00000, 0x000000070ec00000|  0%| F|  |TAMS 0x000000070eb00000, 0x000000070eb00000| Untracked 
| 224|0x000000070ec00000, 0x000000070ec00000, 0x000000070ed00000|  0%| F|  |TAMS 0x000000070ec00000, 0x000000070ec00000| Untracked 
| 225|0x000000070ed00000, 0x000000070ed00000, 0x000000070ee00000|  0%| F|  |TAMS 0x000000070ed00000, 0x000000070ed00000| Untracked 
| 226|0x000000070ee00000, 0x000000070ee00000, 0x000000070ef00000|  0%| F|  |TAMS 0x000000070ee00000, 0x000000070ee00000| Untracked 
| 227|0x000000070ef00000, 0x000000070ef00000, 0x000000070f000000|  0%| F|  |TAMS 0x000000070ef00000, 0x000000070ef00000| Untracked 
| 228|0x000000070f000000, 0x000000070f000000, 0x000000070f100000|  0%| F|  |TAMS 0x000000070f000000, 0x000000070f000000| Untracked 
| 229|0x000000070f100000, 0x000000070f100000, 0x000000070f200000|  0%| F|  |TAMS 0x000000070f100000, 0x000000070f100000| Untracked 
| 230|0x000000070f200000, 0x000000070f200000, 0x000000070f300000|  0%| F|  |TAMS 0x000000070f200000, 0x000000070f200000| Untracked 
| 231|0x000000070f300000, 0x000000070f300000, 0x000000070f400000|  0%| F|  |TAMS 0x000000070f300000, 0x000000070f300000| Untracked 
| 232|0x000000070f400000, 0x000000070f400000, 0x000000070f500000|  0%| F|  |TAMS 0x000000070f400000, 0x000000070f400000| Untracked 
| 233|0x000000070f500000, 0x000000070f500000, 0x000000070f600000|  0%| F|  |TAMS 0x000000070f500000, 0x000000070f500000| Untracked 
| 234|0x000000070f600000, 0x000000070f600000, 0x000000070f700000|  0%| F|  |TAMS 0x000000070f600000, 0x000000070f600000| Untracked 
| 235|0x000000070f700000, 0x000000070f700000, 0x000000070f800000|  0%| F|  |TAMS 0x000000070f700000, 0x000000070f700000| Untracked 
| 236|0x000000070f800000, 0x000000070f800000, 0x000000070f900000|  0%| F|  |TAMS 0x000000070f800000, 0x000000070f800000| Untracked 
| 237|0x000000070f900000, 0x000000070f900000, 0x000000070fa00000|  0%| F|  |TAMS 0x000000070f900000, 0x000000070f900000| Untracked 
| 238|0x000000070fa00000, 0x000000070fa00000, 0x000000070fb00000|  0%| F|  |TAMS 0x000000070fa00000, 0x000000070fa00000| Untracked 
| 239|0x000000070fb00000, 0x000000070fb00000, 0x000000070fc00000|  0%| F|  |TAMS 0x000000070fb00000, 0x000000070fb00000| Untracked 
| 240|0x000000070fc00000, 0x000000070fd00000, 0x000000070fd00000|100%| E|  |TAMS 0x000000070fc00000, 0x000000070fc00000| Complete 
| 241|0x000000070fd00000, 0x000000070fe00000, 0x000000070fe00000|100%| E|CS|TAMS 0x000000070fd00000, 0x000000070fd00000| Complete 
| 242|0x000000070fe00000, 0x000000070ff00000, 0x000000070ff00000|100%| E|CS|TAMS 0x000000070fe00000, 0x000000070fe00000| Complete 
| 243|0x000000070ff00000, 0x0000000710000000, 0x0000000710000000|100%| E|CS|TAMS 0x000000070ff00000, 0x000000070ff00000| Complete 
| 244|0x0000000710000000, 0x0000000710100000, 0x0000000710100000|100%| E|CS|TAMS 0x0000000710000000, 0x0000000710000000| Complete 
| 245|0x0000000710100000, 0x0000000710200000, 0x0000000710200000|100%| E|CS|TAMS 0x0000000710100000, 0x0000000710100000| Complete 
| 246|0x0000000710200000, 0x0000000710300000, 0x0000000710300000|100%| E|CS|TAMS 0x0000000710200000, 0x0000000710200000| Complete 
| 247|0x0000000710300000, 0x0000000710400000, 0x0000000710400000|100%| E|CS|TAMS 0x0000000710300000, 0x0000000710300000| Complete 
| 248|0x0000000710400000, 0x0000000710500000, 0x0000000710500000|100%| E|CS|TAMS 0x0000000710400000, 0x0000000710400000| Complete 
| 249|0x0000000710500000, 0x0000000710600000, 0x0000000710600000|100%| E|CS|TAMS 0x0000000710500000, 0x0000000710500000| Complete 
| 250|0x0000000710600000, 0x0000000710700000, 0x0000000710700000|100%| E|CS|TAMS 0x0000000710600000, 0x0000000710600000| Complete 
| 251|0x0000000710700000, 0x0000000710800000, 0x0000000710800000|100%| E|CS|TAMS 0x0000000710700000, 0x0000000710700000| Complete 
| 252|0x0000000710800000, 0x0000000710900000, 0x0000000710900000|100%| E|CS|TAMS 0x0000000710800000, 0x0000000710800000| Complete 
| 253|0x0000000710900000, 0x0000000710a00000, 0x0000000710a00000|100%| E|CS|TAMS 0x0000000710900000, 0x0000000710900000| Complete 
| 254|0x0000000710a00000, 0x0000000710b00000, 0x0000000710b00000|100%| E|CS|TAMS 0x0000000710a00000, 0x0000000710a00000| Complete 
| 255|0x0000000710b00000, 0x0000000710c00000, 0x0000000710c00000|100%| E|CS|TAMS 0x0000000710b00000, 0x0000000710b00000| Complete 
| 256|0x0000000710c00000, 0x0000000710d00000, 0x0000000710d00000|100%| E|CS|TAMS 0x0000000710c00000, 0x0000000710c00000| Complete 
| 257|0x0000000710d00000, 0x0000000710e00000, 0x0000000710e00000|100%| E|CS|TAMS 0x0000000710d00000, 0x0000000710d00000| Complete 
| 258|0x0000000710e00000, 0x0000000710f00000, 0x0000000710f00000|100%| E|CS|TAMS 0x0000000710e00000, 0x0000000710e00000| Complete 
| 259|0x0000000710f00000, 0x0000000711000000, 0x0000000711000000|100%| E|CS|TAMS 0x0000000710f00000, 0x0000000710f00000| Complete 
| 260|0x0000000711000000, 0x0000000711100000, 0x0000000711100000|100%| E|CS|TAMS 0x0000000711000000, 0x0000000711000000| Complete 
| 261|0x0000000711100000, 0x0000000711200000, 0x0000000711200000|100%| E|CS|TAMS 0x0000000711100000, 0x0000000711100000| Complete 
| 262|0x0000000711200000, 0x0000000711300000, 0x0000000711300000|100%| E|CS|TAMS 0x0000000711200000, 0x0000000711200000| Complete 
| 263|0x0000000711300000, 0x0000000711400000, 0x0000000711400000|100%| E|CS|TAMS 0x0000000711300000, 0x0000000711300000| Complete 
| 264|0x0000000711400000, 0x0000000711500000, 0x0000000711500000|100%| E|CS|TAMS 0x0000000711400000, 0x0000000711400000| Complete 
| 265|0x0000000711500000, 0x0000000711600000, 0x0000000711600000|100%| E|CS|TAMS 0x0000000711500000, 0x0000000711500000| Complete 
| 266|0x0000000711600000, 0x0000000711700000, 0x0000000711700000|100%| E|CS|TAMS 0x0000000711600000, 0x0000000711600000| Complete 
| 267|0x0000000711700000, 0x0000000711800000, 0x0000000711800000|100%| E|CS|TAMS 0x0000000711700000, 0x0000000711700000| Complete 
| 268|0x0000000711800000, 0x0000000711900000, 0x0000000711900000|100%| E|CS|TAMS 0x0000000711800000, 0x0000000711800000| Complete 
| 269|0x0000000711900000, 0x0000000711a00000, 0x0000000711a00000|100%| E|CS|TAMS 0x0000000711900000, 0x0000000711900000| Complete 
| 270|0x0000000711a00000, 0x0000000711b00000, 0x0000000711b00000|100%| E|CS|TAMS 0x0000000711a00000, 0x0000000711a00000| Complete 
| 271|0x0000000711b00000, 0x0000000711c00000, 0x0000000711c00000|100%| E|CS|TAMS 0x0000000711b00000, 0x0000000711b00000| Complete 
| 272|0x0000000711c00000, 0x0000000711d00000, 0x0000000711d00000|100%| E|CS|TAMS 0x0000000711c00000, 0x0000000711c00000| Complete 
| 273|0x0000000711d00000, 0x0000000711e00000, 0x0000000711e00000|100%| E|CS|TAMS 0x0000000711d00000, 0x0000000711d00000| Complete 
| 274|0x0000000711e00000, 0x0000000711f00000, 0x0000000711f00000|100%| E|CS|TAMS 0x0000000711e00000, 0x0000000711e00000| Complete 
| 275|0x0000000711f00000, 0x0000000712000000, 0x0000000712000000|100%| E|CS|TAMS 0x0000000711f00000, 0x0000000711f00000| Complete 
| 276|0x0000000712000000, 0x0000000712100000, 0x0000000712100000|100%| E|CS|TAMS 0x0000000712000000, 0x0000000712000000| Complete 
| 277|0x0000000712100000, 0x0000000712200000, 0x0000000712200000|100%| E|CS|TAMS 0x0000000712100000, 0x0000000712100000| Complete 
| 278|0x0000000712200000, 0x0000000712300000, 0x0000000712300000|100%| E|CS|TAMS 0x0000000712200000, 0x0000000712200000| Complete 
| 279|0x0000000712300000, 0x0000000712400000, 0x0000000712400000|100%| E|CS|TAMS 0x0000000712300000, 0x0000000712300000| Complete 
| 280|0x0000000712400000, 0x0000000712500000, 0x0000000712500000|100%| E|CS|TAMS 0x0000000712400000, 0x0000000712400000| Complete 
| 281|0x0000000712500000, 0x0000000712600000, 0x0000000712600000|100%| E|CS|TAMS 0x0000000712500000, 0x0000000712500000| Complete 
| 282|0x0000000712600000, 0x0000000712700000, 0x0000000712700000|100%| E|CS|TAMS 0x0000000712600000, 0x0000000712600000| Complete 
| 283|0x0000000712700000, 0x0000000712800000, 0x0000000712800000|100%| E|CS|TAMS 0x0000000712700000, 0x0000000712700000| Complete 
| 284|0x0000000712800000, 0x0000000712900000, 0x0000000712900000|100%| E|CS|TAMS 0x0000000712800000, 0x0000000712800000| Complete 
| 285|0x0000000712900000, 0x0000000712a00000, 0x0000000712a00000|100%| E|CS|TAMS 0x0000000712900000, 0x0000000712900000| Complete 
| 286|0x0000000712a00000, 0x0000000712b00000, 0x0000000712b00000|100%| E|CS|TAMS 0x0000000712a00000, 0x0000000712a00000| Complete 
| 287|0x0000000712b00000, 0x0000000712c00000, 0x0000000712c00000|100%| E|CS|TAMS 0x0000000712b00000, 0x0000000712b00000| Complete 
| 288|0x0000000712c00000, 0x0000000712d00000, 0x0000000712d00000|100%| E|CS|TAMS 0x0000000712c00000, 0x0000000712c00000| Complete 
| 289|0x0000000712d00000, 0x0000000712e00000, 0x0000000712e00000|100%| E|CS|TAMS 0x0000000712d00000, 0x0000000712d00000| Complete 
| 290|0x0000000712e00000, 0x0000000712f00000, 0x0000000712f00000|100%| E|CS|TAMS 0x0000000712e00000, 0x0000000712e00000| Complete 
| 291|0x0000000712f00000, 0x0000000713000000, 0x0000000713000000|100%| E|CS|TAMS 0x0000000712f00000, 0x0000000712f00000| Complete 
| 292|0x0000000713000000, 0x0000000713100000, 0x0000000713100000|100%| E|CS|TAMS 0x0000000713000000, 0x0000000713000000| Complete 
| 293|0x0000000713100000, 0x0000000713200000, 0x0000000713200000|100%| E|CS|TAMS 0x0000000713100000, 0x0000000713100000| Complete 
| 294|0x0000000713200000, 0x0000000713300000, 0x0000000713300000|100%| E|CS|TAMS 0x0000000713200000, 0x0000000713200000| Complete 
| 295|0x0000000713300000, 0x0000000713400000, 0x0000000713400000|100%| E|CS|TAMS 0x0000000713300000, 0x0000000713300000| Complete 
| 296|0x0000000713400000, 0x0000000713500000, 0x0000000713500000|100%| E|CS|TAMS 0x0000000713400000, 0x0000000713400000| Complete 
| 297|0x0000000713500000, 0x0000000713600000, 0x0000000713600000|100%| E|CS|TAMS 0x0000000713500000, 0x0000000713500000| Complete 
| 298|0x0000000713600000, 0x0000000713700000, 0x0000000713700000|100%| E|CS|TAMS 0x0000000713600000, 0x0000000713600000| Complete 
| 299|0x0000000713700000, 0x0000000713800000, 0x0000000713800000|100%| E|CS|TAMS 0x0000000713700000, 0x0000000713700000| Complete 
| 300|0x0000000713800000, 0x0000000713900000, 0x0000000713900000|100%| E|CS|TAMS 0x0000000713800000, 0x0000000713800000| Complete 
| 301|0x0000000713900000, 0x0000000713a00000, 0x0000000713a00000|100%| E|CS|TAMS 0x0000000713900000, 0x0000000713900000| Complete 
| 302|0x0000000713a00000, 0x0000000713b00000, 0x0000000713b00000|100%| E|CS|TAMS 0x0000000713a00000, 0x0000000713a00000| Complete 
| 303|0x0000000713b00000, 0x0000000713c00000, 0x0000000713c00000|100%| E|CS|TAMS 0x0000000713b00000, 0x0000000713b00000| Complete 
| 304|0x0000000713c00000, 0x0000000713d00000, 0x0000000713d00000|100%| E|CS|TAMS 0x0000000713c00000, 0x0000000713c00000| Complete 
| 305|0x0000000713d00000, 0x0000000713e00000, 0x0000000713e00000|100%| E|CS|TAMS 0x0000000713d00000, 0x0000000713d00000| Complete 
| 306|0x0000000713e00000, 0x0000000713f00000, 0x0000000713f00000|100%| E|CS|TAMS 0x0000000713e00000, 0x0000000713e00000| Complete 
| 307|0x0000000713f00000, 0x0000000714000000, 0x0000000714000000|100%| E|CS|TAMS 0x0000000713f00000, 0x0000000713f00000| Complete 

Card table byte_map: [0x0000021ab2390000,0x0000021ab2b90000] _byte_map_base: 0x0000021aaeb8a000

Marking Bits (Prev, Next): (CMBitMap*) 0x0000021a9d2bd8a0, (CMBitMap*) 0x0000021a9d2bd868
 Prev Bits: [0x0000021ab7360000, 0x0000021abb330000)
 Next Bits: [0x0000021ab3390000, 0x0000021ab7360000)

Polling page: 0x0000021a9d0e0000

Metaspace:

Usage:
  Non-class:     77.52 MB capacity,    77.00 MB (>99%) used,   392.83 KB ( <1%) free+waste,   141.88 KB ( <1%) overhead. 
      Class:      9.62 MB capacity,     9.27 MB ( 96%) used,   305.56 KB (  3%) free+waste,    58.19 KB ( <1%) overhead. 
       Both:     87.14 MB capacity,    86.26 MB ( 99%) used,   698.39 KB ( <1%) free+waste,   200.06 KB ( <1%) overhead. 

Virtual space:
  Non-class space:       78.00 MB reserved,      77.74 MB (>99%) committed 
      Class space:        1.00 GB reserved,       9.74 MB ( <1%) committed 
             Both:        1.08 GB reserved,      87.48 MB (  8%) committed 

Chunk freelists:
   Non-Class:  38.00 KB
       Class:  1.00 KB
        Both:  39.00 KB

MaxMetaspaceSize: 17179869184.00 GB
CompressedClassSpaceSize: 1.00 GB

CodeHeap 'non-profiled nmethods': size=120064Kb used=7084Kb max_used=7084Kb free=112979Kb
 bounds [0x0000021aaa030000, 0x0000021aaa720000, 0x0000021ab1570000]
CodeHeap 'profiled nmethods': size=120000Kb used=47335Kb max_used=47335Kb free=72664Kb
 bounds [0x0000021aa2b00000, 0x0000021aa5940000, 0x0000021aaa030000]
CodeHeap 'non-nmethods': size=5696Kb used=1319Kb max_used=1364Kb free=4376Kb
 bounds [0x0000021aa2570000, 0x0000021aa27e0000, 0x0000021aa2b00000]
 total_blobs=15382 nmethods=14693 adapters=596
 compilation: enabled
              stopped_count=0, restarted_count=0
 full_count=0

Compilation events (20 events):
Event: 25.782 Thread 0x0000021abe315000 nmethod 14864 0x0000021aa5937090 code [0x0000021aa5937240, 0x0000021aa5937448]
Event: 25.782 Thread 0x0000021abe315000 14866       3       org.jetbrains.kotlin.metadata.deserialization.Flags$BooleanFlagField::toFlags (18 bytes)
Event: 25.783 Thread 0x0000021abe315000 nmethod 14866 0x0000021aa5937510 code [0x0000021aa59376c0, 0x0000021aa5937858]
Event: 25.783 Thread 0x0000021abe315000 14867       3       org.jetbrains.org.objectweb.asm.SymbolTable$Entry::<init> (17 bytes)
Event: 25.783 Thread 0x0000021abe315000 nmethod 14867 0x0000021aa5937910 code [0x0000021aa5937ac0, 0x0000021aa5937c28]
Event: 25.783 Thread 0x0000021abe315000 14854       3       org.jetbrains.kotlin.codegen.optimization.common.InstructionLivenessAnalyzer::getIndexOf (9 bytes)
Event: 25.784 Thread 0x0000021abe315000 nmethod 14854 0x0000021aa5937d10 code [0x0000021aa5937ee0, 0x0000021aa5938148]
Event: 25.784 Thread 0x0000021abe315000 14859       1       org.jetbrains.kotlin.parcelize.ParcelizeClinitClassBuilderInterceptorExtension$AndroidOnDestroyCollectorClassBuilder::getDelegate (5 bytes)
Event: 25.784 Thread 0x0000021abe315000 nmethod 14859 0x0000021aaa71a390 code [0x0000021aaa71a540, 0x0000021aaa71a5f8]
Event: 25.784 Thread 0x0000021abe315000 14860       1       org.jetbrains.kotlin.codegen.ClassNameCollectionClassBuilderFactory$ClassNameCollectionClassBuilder::getDelegate (5 bytes)
Event: 25.784 Thread 0x0000021abe315000 nmethod 14860 0x0000021aaa71a690 code [0x0000021aaa71a840, 0x0000021aaa71a8f8]
Event: 25.784 Thread 0x0000021abe315000 14851       3       org.jetbrains.org.objectweb.asm.tree.InsnList::remove (102 bytes)
Event: 25.785 Thread 0x0000021abe315000 nmethod 14851 0x0000021aa5938290 code [0x0000021aa5938480, 0x0000021aa59389b8]
Event: 25.785 Thread 0x0000021abe315000 14861       1       kotlin.text.DelimitedRangesSequence::access$getInput$p (5 bytes)
Event: 25.785 Thread 0x0000021abe315000 nmethod 14861 0x0000021aaa71a990 code [0x0000021aaa71ab40, 0x0000021aaa71abd8]
Event: 25.785 Thread 0x0000021abe315000 14853       3       org.jetbrains.kotlin.codegen.optimization.common.FastMethodAnalyzer::indexOf (12 bytes)
Event: 25.785 Thread 0x0000021abe315000 nmethod 14853 0x0000021aa5938b90 code [0x0000021aa5938d60, 0x0000021aa5938fe8]
Event: 25.785 Thread 0x0000021abe315000 14845       3       org.jetbrains.kotlin.ir.types.IrTypePredicatesKt::isKotlinResult (25 bytes)
Event: 25.786 Thread 0x0000021abe315000 nmethod 14845 0x0000021aa5939110 code [0x0000021aa5939360, 0x0000021aa5939a68]
Event: 25.786 Thread 0x0000021abe315000 14849       1       org.jetbrains.kotlin.codegen.coroutines.UninitializedStoresProcessor$UninitializedNewValue::getNewInsn (5 bytes)

GC Heap History (16 events):
Event: 0.544 GC heap before
{Heap before GC invocations=0 (full 0):
 garbage-first heap   total 262144K, used 17408K [0x0000000700c00000, 0x0000000800000000)
  region size 1024K, 14 young (14336K), 0 survivors (0K)
 Metaspace       used 9815K, capacity 9938K, committed 10112K, reserved 1058816K
  class space    used 840K, capacity 885K, committed 896K, reserved 1048576K
}
Event: 0.548 GC heap after
{Heap after GC invocations=1 (full 0):
 garbage-first heap   total 262144K, used 5233K [0x0000000700c00000, 0x0000000800000000)
  region size 1024K, 2 young (2048K), 2 survivors (2048K)
 Metaspace       used 9815K, capacity 9938K, committed 10112K, reserved 1058816K
  class space    used 840K, capacity 885K, committed 896K, reserved 1048576K
}
Event: 1.709 GC heap before
{Heap before GC invocations=1 (full 0):
 garbage-first heap   total 262144K, used 50289K [0x0000000700c00000, 0x0000000800000000)
  region size 1024K, 47 young (48128K), 2 survivors (2048K)
 Metaspace       used 20756K, capacity 21000K, committed 21248K, reserved 1069056K
  class space    used 2203K, capacity 2282K, committed 2304K, reserved 1048576K
}
Event: 1.725 GC heap after
{Heap after GC invocations=2 (full 0):
 garbage-first heap   total 262144K, used 9383K [0x0000000700c00000, 0x0000000800000000)
  region size 1024K, 7 young (7168K), 7 survivors (7168K)
 Metaspace       used 20756K, capacity 21000K, committed 21248K, reserved 1069056K
  class space    used 2203K, capacity 2282K, committed 2304K, reserved 1048576K
}
Event: 3.341 GC heap before
{Heap before GC invocations=3 (full 0):
 garbage-first heap   total 262144K, used 63655K [0x0000000700c00000, 0x0000000800000000)
  region size 1024K, 55 young (56320K), 7 survivors (7168K)
 Metaspace       used 31585K, capacity 32118K, committed 32256K, reserved 1077248K
  class space    used 3809K, capacity 4000K, committed 4096K, reserved 1048576K
}
Event: 3.366 GC heap after
{Heap after GC invocations=4 (full 0):
 garbage-first heap   total 262144K, used 20915K [0x0000000700c00000, 0x0000000800000000)
  region size 1024K, 7 young (7168K), 7 survivors (7168K)
 Metaspace       used 31585K, capacity 32118K, committed 32256K, reserved 1077248K
  class space    used 3809K, capacity 4000K, committed 4096K, reserved 1048576K
}
Event: 3.763 GC heap before
{Heap before GC invocations=4 (full 0):
 garbage-first heap   total 262144K, used 32179K [0x0000000700c00000, 0x0000000800000000)
  region size 1024K, 19 young (19456K), 7 survivors (7168K)
 Metaspace       used 34932K, capacity 35393K, committed 35584K, reserved 1081344K
  class space    used 4385K, capacity 4578K, committed 4608K, reserved 1048576K
}
Event: 3.787 GC heap after
{Heap after GC invocations=5 (full 0):
 garbage-first heap   total 262144K, used 21930K [0x0000000700c00000, 0x0000000800000000)
  region size 1024K, 8 young (8192K), 8 survivors (8192K)
 Metaspace       used 34932K, capacity 35393K, committed 35584K, reserved 1081344K
  class space    used 4385K, capacity 4578K, committed 4608K, reserved 1048576K
}
Event: 6.484 GC heap before
{Heap before GC invocations=6 (full 0):
 garbage-first heap   total 262144K, used 104874K [0x0000000700c00000, 0x0000000800000000)
  region size 1024K, 86 young (88064K), 8 survivors (8192K)
 Metaspace       used 50902K, capacity 51536K, committed 51704K, reserved 1095680K
  class space    used 6038K, capacity 6300K, committed 6400K, reserved 1048576K
}
Event: 6.520 GC heap after
{Heap after GC invocations=7 (full 0):
 garbage-first heap   total 315392K, used 30344K [0x0000000700c00000, 0x0000000800000000)
  region size 1024K, 10 young (10240K), 10 survivors (10240K)
 Metaspace       used 50902K, capacity 51536K, committed 51704K, reserved 1095680K
  class space    used 6038K, capacity 6300K, committed 6400K, reserved 1048576K
}
Event: 10.587 GC heap before
{Heap before GC invocations=7 (full 0):
 garbage-first heap   total 315392K, used 148104K [0x0000000700c00000, 0x0000000800000000)
  region size 1024K, 126 young (129024K), 10 survivors (10240K)
 Metaspace       used 59114K, capacity 59839K, committed 59896K, reserved 1101824K
  class space    used 6844K, capacity 7136K, committed 7168K, reserved 1048576K
}
Event: 10.702 GC heap after
{Heap after GC invocations=8 (full 0):
 garbage-first heap   total 315392K, used 45520K [0x0000000700c00000, 0x0000000800000000)
  region size 1024K, 23 young (23552K), 23 survivors (23552K)
 Metaspace       used 59114K, capacity 59839K, committed 59896K, reserved 1101824K
  class space    used 6844K, capacity 7136K, committed 7168K, reserved 1048576K
}
Event: 17.781 GC heap before
{Heap before GC invocations=9 (full 0):
 garbage-first heap   total 315392K, used 166352K [0x0000000700c00000, 0x0000000800000000)
  region size 1024K, 140 young (143360K), 23 survivors (23552K)
 Metaspace       used 67978K, capacity 68891K, committed 69228K, reserved 1110016K
  class space    used 7611K, capacity 7954K, committed 8052K, reserved 1048576K
}
Event: 17.885 GC heap after
{Heap after GC invocations=10 (full 0):
 garbage-first heap   total 315392K, used 60700K [0x0000000700c00000, 0x0000000800000000)
  region size 1024K, 15 young (15360K), 15 survivors (15360K)
 Metaspace       used 67978K, capacity 68891K, committed 69228K, reserved 1110016K
  class space    used 7611K, capacity 7954K, committed 8052K, reserved 1048576K
}
Event: 23.097 GC heap before
{Heap before GC invocations=10 (full 0):
 garbage-first heap   total 315392K, used 177436K [0x0000000700c00000, 0x0000000800000000)
  region size 1024K, 129 young (132096K), 15 survivors (15360K)
 Metaspace       used 83321K, capacity 84197K, committed 84332K, reserved 1124352K
  class space    used 9127K, capacity 9500K, committed 9588K, reserved 1048576K
}
Event: 23.158 GC heap after
{Heap after GC invocations=11 (full 0):
 garbage-first heap   total 315392K, used 71168K [0x0000000700c00000, 0x0000000800000000)
  region size 1024K, 10 young (10240K), 10 survivors (10240K)
 Metaspace       used 83321K, capacity 84197K, committed 84332K, reserved 1124352K
  class space    used 9127K, capacity 9500K, committed 9588K, reserved 1048576K
}

Deoptimization events (20 events):
Event: 25.244 Thread 0x0000021a9d258800 Uncommon trap: trap_request=0xffffffde fr.pc=0x0000021aaa5d5ce0 relative=0x0000000000000280
Event: 25.244 Thread 0x0000021a9d258800 Uncommon trap: reason=class_check action=maybe_recompile pc=0x0000021aaa5d5ce0 method=org.jetbrains.kotlin.utils.ThreadLocalDelegate.getValue(Ljava/lang/Object;Lkotlin/reflect/KProperty;)Ljava/lang/Object; @ 42 c2
Event: 25.244 Thread 0x0000021a9d258800 DEOPT PACKING pc=0x0000021aaa5d5ce0 sp=0x00000069854fdb10
Event: 25.244 Thread 0x0000021a9d258800 DEOPT UNPACKING pc=0x0000021aa259682f sp=0x00000069854fdab0 mode 2
Event: 25.594 Thread 0x0000021a9d258800 Uncommon trap: trap_request=0xffffff4d fr.pc=0x0000021aaa4de6f0 relative=0x0000000000000af0
Event: 25.594 Thread 0x0000021a9d258800 Uncommon trap: reason=unstable_if action=reinterpret pc=0x0000021aaa4de6f0 method=org.jetbrains.kotlin.metadata.ProtoBuf$Type.isInitialized()Z @ 7 c2
Event: 25.594 Thread 0x0000021a9d258800 DEOPT PACKING pc=0x0000021aaa4de6f0 sp=0x00000069854fd8a0
Event: 25.594 Thread 0x0000021a9d258800 DEOPT UNPACKING pc=0x0000021aa259682f sp=0x00000069854fd7f0 mode 2
Event: 25.598 Thread 0x0000021a9d258800 Uncommon trap: trap_request=0xffffff4d fr.pc=0x0000021aaa1da288 relative=0x0000000000000768
Event: 25.598 Thread 0x0000021a9d258800 Uncommon trap: reason=unstable_if action=reinterpret pc=0x0000021aaa1da288 method=org.jetbrains.kotlin.protobuf.SmallSortedMap.entrySet()Ljava/util/Set; @ 4 c2
Event: 25.598 Thread 0x0000021a9d258800 DEOPT PACKING pc=0x0000021aaa1da288 sp=0x00000069854fd8e0
Event: 25.598 Thread 0x0000021a9d258800 DEOPT UNPACKING pc=0x0000021aa259682f sp=0x00000069854fd7e0 mode 2
Event: 25.598 Thread 0x0000021a9d258800 Uncommon trap: trap_request=0xffffff4d fr.pc=0x0000021aaa1e2f90 relative=0x0000000000000250
Event: 25.598 Thread 0x0000021a9d258800 Uncommon trap: reason=unstable_if action=reinterpret pc=0x0000021aaa1e2f90 method=org.jetbrains.kotlin.protobuf.SmallSortedMap.entrySet()Ljava/util/Set; @ 4 c2
Event: 25.598 Thread 0x0000021a9d258800 DEOPT PACKING pc=0x0000021aaa1e2f90 sp=0x00000069854fd760
Event: 25.598 Thread 0x0000021a9d258800 DEOPT UNPACKING pc=0x0000021aa259682f sp=0x00000069854fd6c0 mode 2
Event: 25.599 Thread 0x0000021a9d258800 Uncommon trap: trap_request=0xffffff4d fr.pc=0x0000021aaa343830 relative=0x0000000000000090
Event: 25.599 Thread 0x0000021a9d258800 Uncommon trap: reason=unstable_if action=reinterpret pc=0x0000021aaa343830 method=java.lang.StringLatin1.lastIndexOf([BI[BII)I @ 32 c2
Event: 25.599 Thread 0x0000021a9d258800 DEOPT PACKING pc=0x0000021aaa343830 sp=0x00000069854fdbb0
Event: 25.599 Thread 0x0000021a9d258800 DEOPT UNPACKING pc=0x0000021aa259682f sp=0x00000069854fdb08 mode 2

Classes redefined (0 events):
No events

Internal exceptions (20 events):
Event: 8.750 Thread 0x0000021a9d258800 Exception <a 'java/lang/NoSuchMethodError'{0x000000070fd5a5e8}: 'int java.lang.invoke.DirectMethodHandle$Holder.invokeStaticInit(java.lang.Object, int)'> (0x000000070fd5a5e8) thrown at [./src/hotspot/share/interpreter/linkResolver.cpp, line 773]
Event: 9.033 Thread 0x0000021a9d258800 Exception <a 'java/lang/NoSuchMethodError'{0x000000070f7a3628}: 'java.lang.Object java.lang.invoke.DirectMethodHandle$Holder.invokeStaticInit(java.lang.Object, java.lang.Object, java.lang.Object)'> (0x000000070f7a3628) thrown at [./src/hotspot/share/interpreter/linkResolver.cpp, line 773]
Event: 9.039 Thread 0x0000021a9d258800 Exception <a 'java/lang/NoSuchMethodError'{0x000000070f7be440}: 'java.lang.Object java.lang.invoke.DirectMethodHandle$Holder.invokeStatic(java.lang.Object, int, java.lang.Object, java.lang.Object)'> (0x000000070f7be440) thrown at [./src/hotspot/share/interpreter/linkResolver.cpp, line 773]
Event: 10.965 Thread 0x0000021a9d258800 Exception <a 'java/lang/NoSuchMethodError'{0x0000000713785ae0}: 'java.lang.Object java.lang.invoke.Invokers$Holder.linkToTargetMethod(java.lang.Object, java.lang.Object, java.lang.Object, int, int, java.lang.Object)'> (0x0000000713785ae0) thrown at [./src/hotspot/share/interpreter/linkResolver.cpp, line 773]
Event: 11.025 Thread 0x0000021a9d258800 Exception <a 'java/lang/NoSuchMethodError'{0x0000000713545fa0}: 'int java.lang.invoke.DirectMethodHandle$Holder.invokeVirtual(java.lang.Object, java.lang.Object, java.lang.Object)'> (0x0000000713545fa0) thrown at [./src/hotspot/share/interpreter/linkResolver.cpp, line 773]
Event: 11.146 Thread 0x0000021a9d258800 Exception <a 'java/lang/NoSuchMethodError'{0x0000000713265060}: 'void java.lang.invoke.DirectMethodHandle$Holder.invokeInterface(java.lang.Object, java.lang.Object)'> (0x0000000713265060) thrown at [./src/hotspot/share/interpreter/linkResolver.cpp, line 773]
Event: 11.236 Thread 0x0000021a9d258800 Exception <a 'java/lang/IncompatibleClassChangeError'{0x00000007130292b8}: Found class java.lang.Object, but interface was expected> (0x00000007130292b8) thrown at [./src/hotspot/share/interpreter/linkResolver.cpp, line 839]
Event: 11.403 Thread 0x0000021a9d258800 Implicit null exception at 0x0000021aaa2e525c to 0x0000021aaa2e54a8
Event: 11.477 Thread 0x0000021a9d258800 Exception <a 'java/lang/NoSuchMethodError'{0x0000000712c14690}: 'java.lang.Object java.lang.invoke.Invokers$Holder.linkToTargetMethod(java.lang.Object, java.lang.Object, java.lang.Object, java.lang.Object, java.lang.Object, java.lang.Object, java.lang.Object)'> (0x0000000712c14690) thrown at [./src/hotspot/share/interpreter/linkResolver.cpp, line 773]
Event: 11.492 Thread 0x0000021a9d258800 Implicit null exception at 0x0000021aaa14e943 to 0x0000021aaa14eac8
Event: 11.492 Thread 0x0000021a9d258800 Implicit null exception at 0x0000021aaa089678 to 0x0000021aaa08970a
Event: 11.591 Thread 0x0000021a9d258800 Exception <a 'java/lang/NoSuchMethodError'{0x0000000712b576e8}: 'java.lang.Object java.lang.invoke.DirectMethodHandle$Holder.invokeInterface(java.lang.Object, java.lang.Object, java.lang.Object)'> (0x0000000712b576e8) thrown at [./src/hotspot/share/interpreter/linkResolver.cpp, line 773]
Event: 11.592 Thread 0x0000021a9d258800 Exception <a 'java/lang/IncompatibleClassChangeError'{0x0000000712b5b110}: Found class java.lang.Object, but interface was expected> (0x0000000712b5b110) thrown at [./src/hotspot/share/interpreter/linkResolver.cpp, line 839]
Event: 12.236 Thread 0x0000021a9d258800 Implicit null exception at 0x0000021aaa0856f5 to 0x0000021aaa0858d8
Event: 12.341 Thread 0x0000021a9d258800 Implicit null exception at 0x0000021aaa0496f7 to 0x0000021aaa049c68
Event: 12.366 Thread 0x0000021a9d258800 Implicit null exception at 0x0000021aaa04c774 to 0x0000021aaa04cd04
Event: 15.643 Thread 0x0000021a9d258800 Implicit null exception at 0x0000021aaa414c9f to 0x0000021aaa416aec
Event: 19.392 Thread 0x0000021a9d258800 Exception <a 'java/lang/NoSuchMethodError'{0x000000071248a700}: 'java.lang.Object java.lang.invoke.DirectMethodHandle$Holder.invokeStaticInit(java.lang.Object, java.lang.Object, java.lang.Object, java.lang.Object)'> (0x000000071248a700) thrown at [./src/hotspot/share/interpreter/linkResolver.cpp, line 773]
Event: 19.641 Thread 0x0000021a9d258800 Exception <a 'java/lang/NoSuchMethodError'{0x0000000711a43310}: 'int java.lang.invoke.DirectMethodHandle$Holder.invokeStaticInit(java.lang.Object, java.lang.Object, java.lang.Object, java.lang.Object)'> (0x0000000711a43310) thrown at [./src/hotspot/share/interpreter/linkResolver.cpp, line 773]
Event: 19.862 Thread 0x0000021a9d258800 Implicit null exception at 0x0000021aaa0930f4 to 0x0000021aaa093324

Events (20 events):
Event: 25.598 loading class org/jetbrains/kotlin/backend/jvm/codegen/ClassCodegen$generateInnerAndOuterClasses$1
Event: 25.598 loading class org/jetbrains/kotlin/backend/jvm/codegen/ClassCodegen$generateInnerAndOuterClasses$1 done
Event: 25.598 loading class org/jetbrains/kotlin/backend/jvm/codegen/ClassCodegen$generateInnerAndOuterClasses$2
Event: 25.598 loading class org/jetbrains/kotlin/backend/jvm/codegen/ClassCodegen$generateInnerAndOuterClasses$2 done
Event: 25.599 loading class org/jetbrains/kotlin/backend/jvm/codegen/IrCodegenUtilsKt$WhenMappings
Event: 25.599 loading class org/jetbrains/kotlin/backend/jvm/codegen/IrCodegenUtilsKt$WhenMappings done
Event: 25.600 loading class org/jetbrains/kotlin/metadata/jvm/JvmProtoBuf$JvmFieldSignature$Builder
Event: 25.600 loading class org/jetbrains/kotlin/metadata/jvm/JvmProtoBuf$JvmFieldSignature$Builder done
Event: 25.601 loading class org/jetbrains/kotlin/load/java/DescriptorsJvmAbiUtil
Event: 25.601 loading class org/jetbrains/kotlin/load/java/DescriptorsJvmAbiUtil done
Event: 25.633 Executing VM operation: ICBufferFull
Event: 25.634 Executing VM operation: ICBufferFull done
Event: 25.783 loading class org/jetbrains/kotlin/backend/jvm/mapping/PossiblyInnerIrType
Event: 25.783 loading class org/jetbrains/kotlin/backend/jvm/mapping/PossiblyInnerIrType done
Event: 25.784 loading class org/jetbrains/kotlin/backend/jvm/mapping/IrTypeMapper$writeGenericArguments$1$1
Event: 25.784 loading class org/jetbrains/kotlin/backend/jvm/mapping/IrTypeMapper$writeGenericArguments$1$1 done
Event: 25.785 loading class org/jetbrains/kotlin/codegen/signature/BothSignatureWriter$1
Event: 25.785 loading class org/jetbrains/kotlin/codegen/signature/BothSignatureWriter$1 done
Event: 25.785 loading class org/jetbrains/kotlin/types/UtilsKt
Event: 25.785 loading class org/jetbrains/kotlin/types/UtilsKt done


Dynamic libraries:
0x00007ff79b090000 - 0x00007ff79b09a000 	C:\Program Files\Android\Android Studio\jre\bin\java.exe
0x00007ffe03a90000 - 0x00007ffe03c85000 	C:\WINDOWS\SYSTEM32\ntdll.dll
0x00007ffe022b0000 - 0x00007ffe0236e000 	C:\WINDOWS\System32\KERNEL32.DLL
0x00007ffe01780000 - 0x00007ffe01a48000 	C:\WINDOWS\System32\KERNELBASE.dll
0x00007ffe01240000 - 0x00007ffe01340000 	C:\WINDOWS\System32\ucrtbase.dll
0x00007ffde87a0000 - 0x00007ffde87b7000 	C:\Program Files\Android\Android Studio\jre\bin\VCRUNTIME140.dll
0x00007ffde6b90000 - 0x00007ffde6ba9000 	C:\Program Files\Android\Android Studio\jre\bin\jli.dll
0x00007ffe03230000 - 0x00007ffe033d0000 	C:\WINDOWS\System32\USER32.dll
0x00007ffe01b50000 - 0x00007ffe01b72000 	C:\WINDOWS\System32\win32u.dll
0x00007ffe01f90000 - 0x00007ffe01fba000 	C:\WINDOWS\System32\GDI32.dll
0x00007ffe01510000 - 0x00007ffe0161b000 	C:\WINDOWS\System32\gdi32full.dll
0x00007ffe013b0000 - 0x00007ffe0144d000 	C:\WINDOWS\System32\msvcp_win.dll
0x00007ffe005d0000 - 0x00007ffe0086a000 	C:\WINDOWS\WinSxS\amd64_microsoft.windows.common-controls_6595b64144ccf1df_6.0.19041.1110_none_60b5254171f9507e\COMCTL32.dll
0x00007ffe03130000 - 0x00007ffe031ce000 	C:\WINDOWS\System32\msvcrt.dll
0x00007ffe03540000 - 0x00007ffe03570000 	C:\WINDOWS\System32\IMM32.DLL
0x00007ffdd7950000 - 0x00007ffdd79ed000 	C:\Program Files\Android\Android Studio\jre\bin\msvcp140.dll
0x00007ffdc4ab0000 - 0x00007ffdc5585000 	C:\Program Files\Android\Android Studio\jre\bin\server\jvm.dll
0x00007ffe039a0000 - 0x00007ffe03a4e000 	C:\WINDOWS\System32\ADVAPI32.dll
0x00007ffe02380000 - 0x00007ffe0241c000 	C:\WINDOWS\System32\sechost.dll
0x00007ffe020b0000 - 0x00007ffe021d5000 	C:\WINDOWS\System32\RPCRT4.dll
0x00007ffe02b70000 - 0x00007ffe02b78000 	C:\WINDOWS\System32\PSAPI.DLL
0x00007ffdff140000 - 0x00007ffdff149000 	C:\WINDOWS\SYSTEM32\WSOCK32.dll
0x00007ffdefe50000 - 0x00007ffdefe77000 	C:\WINDOWS\SYSTEM32\WINMM.dll
0x00007ffdf0f60000 - 0x00007ffdf0f6a000 	C:\WINDOWS\SYSTEM32\VERSION.dll
0x00007ffe03780000 - 0x00007ffe037eb000 	C:\WINDOWS\System32\WS2_32.dll
0x00007ffdfe380000 - 0x00007ffdfe392000 	C:\WINDOWS\SYSTEM32\kernel.appcore.dll
0x00007ffdfbfe0000 - 0x00007ffdfbff1000 	C:\Program Files\Android\Android Studio\jre\bin\verify.dll
0x00007ffe00b70000 - 0x00007ffe00d54000 	C:\WINDOWS\SYSTEM32\DBGHELP.DLL
0x00007ffe009a0000 - 0x00007ffe009cc000 	C:\WINDOWS\SYSTEM32\dbgcore.DLL
0x00007ffe01450000 - 0x00007ffe014d2000 	C:\WINDOWS\System32\bcryptPrimitives.dll
0x00007ffdfa090000 - 0x00007ffdfa0b9000 	C:\Program Files\Android\Android Studio\jre\bin\java.dll
0x00007ffdfef20000 - 0x00007ffdfef2b000 	C:\Program Files\Android\Android Studio\jre\bin\jimage.dll
0x00007ffdfbfc0000 - 0x00007ffdfbfd8000 	C:\Program Files\Android\Android Studio\jre\bin\zip.dll
0x00007ffe02420000 - 0x00007ffe02b64000 	C:\WINDOWS\System32\SHELL32.dll
0x00007ffdfe680000 - 0x00007ffdfee14000 	C:\WINDOWS\SYSTEM32\windows.storage.dll
0x00007ffe01b80000 - 0x00007ffe01ed4000 	C:\WINDOWS\System32\combase.dll
0x00007ffe00560000 - 0x00007ffe0058c000 	C:\WINDOWS\SYSTEM32\Wldp.dll
0x00007ffe01ee0000 - 0x00007ffe01f8d000 	C:\WINDOWS\System32\SHCORE.dll
0x00007ffe034e0000 - 0x00007ffe03535000 	C:\WINDOWS\System32\shlwapi.dll
0x00007ffe01180000 - 0x00007ffe0119f000 	C:\WINDOWS\SYSTEM32\profapi.dll
0x00007ffdf03c0000 - 0x00007ffdf03da000 	C:\Program Files\Android\Android Studio\jre\bin\net.dll
0x00007ffdf4100000 - 0x00007ffdf420a000 	C:\WINDOWS\SYSTEM32\WINHTTP.dll
0x00007ffe00430000 - 0x00007ffe0049a000 	C:\WINDOWS\system32\mswsock.dll
0x00007ffdf03a0000 - 0x00007ffdf03b4000 	C:\Program Files\Android\Android Studio\jre\bin\nio.dll

dbghelp: loaded successfully - version: 4.0.5 - missing functions: none
symbol engine: initialized successfully - sym options: 0x614 - pdb path: .;C:\Program Files\Android\Android Studio\jre\bin;C:\WINDOWS\SYSTEM32;C:\WINDOWS\WinSxS\amd64_microsoft.windows.common-controls_6595b64144ccf1df_6.0.19041.1110_none_60b5254171f9507e;C:\Program Files\Android\Android Studio\jre\bin\server

VM Arguments:
java_command: org.jetbrains.kotlin.cli.jvm.K2JVMCompiler @C:\Users\Usama\AndroidStudioProjects\NewsApp\app\build\20220421_5158043759063431740.compiler.options
java_class_path (initial): C:\Users\Usama\.gradle\caches\modules-2\files-2.1\org.jetbrains.kotlin\kotlin-compiler-embeddable\1.6.21\97bdd5a752ce73b58ef16c17bc7f0ea2faff7a2e\kotlin-compiler-embeddable-1.6.21.jar;C:\Users\Usama\.gradle\caches\modules-2\files-2.1\org.jetbrains.kotlin\kotlin-reflect\1.6.21\5dc3574d9b7bebfcb4ec6b10ada4aaa9e140bd0b\kotlin-reflect-1.6.21.jar;C:\Users\Usama\.gradle\caches\modules-2\files-2.1\org.jetbrains.kotlin\kotlin-stdlib\1.6.21\11ef67f1900634fd951bad28c53ec957fabbe5b8\kotlin-stdlib-1.6.21.jar;C:\Users\Usama\.gradle\caches\modules-2\files-2.1\org.jetbrains.kotlin\kotlin-script-runtime\1.6.21\99c6675100da5d6d5b1c5a1032f27f28008d101b\kotlin-script-runtime-1.6.21.jar;C:\Users\Usama\.gradle\caches\modules-2\files-2.1\org.jetbrains.kotlin\kotlin-daemon-embeddable\1.6.21\46b78cf392e1c4f10854c3cadba44abb7b82250f\kotlin-daemon-embeddable-1.6.21.jar;C:\Users\Usama\.gradle\caches\modules-2\files-2.1\org.jetbrains.intellij.deps\trove4j\1.0.20200330\3afb14d5f9ceb459d724e907a21145e8ff394f02\trove4j-1.0.20200330.jar;C:\Users\Usama\.gradle\caches\modules-2\files-2.1\net.java.dev.jna\jna\5.6.0\330f2244e9030119ab3030fc3fededc86713d9cc\jna-5.6.0.jar;C:\Users\Usama\.gradle\caches\modules-2\files-2.1\org.jetbrains.kotlin\kotlin-stdlib-common\1.6.21\5e5b55c26dbc80372a920aef60eb774b714559b8\kotlin-stdlib-common-1.6.21.jar;C:\Users\Usama\.gradle\caches\modules-2\files-2.1\org.jetbrains\annotations\13.0\919f0dfe192fb4e063e7dacadee7f8bb9a2672a9\annotations-13.0.jar
Launcher Type: SUN_STANDARD

[Global flags]
     intx CICompilerCount                          = 3                                         {product} {ergonomic}
     uint ConcGCThreads                            = 1                                         {product} {ergonomic}
     uint G1ConcRefinementThreads                  = 4                                         {product} {ergonomic}
   size_t G1HeapRegionSize                         = 1048576                                   {product} {ergonomic}
    uintx GCDrainStackTargetSize                   = 64                                        {product} {ergonomic}
   size_t InitialHeapSize                          = 268435456                                 {product} {ergonomic}
   size_t MarkStackSize                            = 4194304                                   {product} {ergonomic}
   size_t MaxHeapSize                              = 4282384384                                {product} {ergonomic}
   size_t MaxNewSize                               = 2569011200                                {product} {ergonomic}
   size_t MinHeapDeltaBytes                        = 1048576                                   {product} {ergonomic}
    uintx NonNMethodCodeHeapSize                   = 5830732                                {pd product} {ergonomic}
    uintx NonProfiledCodeHeapSize                  = 122913754                              {pd product} {ergonomic}
    uintx ProfiledCodeHeapSize                     = 122913754                              {pd product} {ergonomic}
    uintx ReservedCodeCacheSize                    = 251658240                              {pd product} {ergonomic}
     bool SegmentedCodeCache                       = true                                      {product} {ergonomic}
     bool UseCompressedClassPointers               = true                                 {lp64_product} {ergonomic}
     bool UseCompressedOops                        = true                                 {lp64_product} {ergonomic}
     bool UseG1GC                                  = true                                      {product} {ergonomic}
     bool UseLargePagesIndividualAllocation        = false                                  {pd product} {ergonomic}

Logging:
Log output configuration:
 #0: stdout all=warning uptime,level,tags
 #1: stderr all=off uptime,level,tags

Environment Variables:
PATH=C:\Program Files\Google\Chrome\Application;C:\WINDOWS\system32;C:\WINDOWS;C:\WINDOWS\System32\Wbem;C:\WINDOWS\System32\WindowsPowerShell\v1.0\;C:\Program Files\Git\cmd;C:\WINDOWS\System32\OpenSSH\;C:\Users\Usama\AppData\Local\Microsoft\WindowsApps;
USERNAME=Usama
OS=Windows_NT
PROCESSOR_IDENTIFIER=Intel64 Family 6 Model 42 Stepping 7, GenuineIntel



---------------  S Y S T E M  ---------------

OS: Windows 10 , 64 bit Build 19041 (10.0.19041.1645)
OS uptime: 0 days 0:29 hours

CPU:total 4 (initial active 4) (2 cores per cpu, 2 threads per core) family 6 model 42 stepping 7 microcode 0x2f, cmov, cx8, fxsr, mmx, sse, sse2, sse3, ssse3, sse4.1, sse4.2, popcnt, avx, aes, clmul, ht, tsc, tscinvbit

Memory: 4k page, system-wide physical 16331M (10000M free)
TotalPageFile size 18763M (AvailPageFile size 12813M)
current process WorkingSet (physical memory assigned to process): 453M, peak: 469M
current process commit charge ("private bytes"): 578M, peak: 594M

vm_info: OpenJDK 64-Bit Server VM (11.0.11+9-b60-7590822) for windows-amd64 JRE (11.0.11+9-b60-7590822), built on Jul 29 2021 21:43:44 by "builder" with MS VC++ 14.0 (VS2015)

END.
